2012/05/21 13:54:40 [error] [php] unlink(/var/www/Eurotri/upload/20110517093825.png): No such file or directory (/var/www/Eurotri/protected/admin/controllers/MediaController.php:276)
Stack trace:
#0 /var/www/Eurotri/yii/framework/web/actions/CInlineAction.php(57): MediaController->actionDeleteFile()
#1 /var/www/Eurotri/yii/framework/web/CController.php(300): CInlineAction->run()
#2 /var/www/Eurotri/yii/framework/web/filters/CFilterChain.php(133): MediaController->runAction()
#3 /var/www/Eurotri/yii/framework/web/filters/CFilter.php(41): CFilterChain->run()
#4 /var/www/Eurotri/yii/framework/web/CController.php(1088): CAccessControlFilter->filter()
#5 /var/www/Eurotri/yii/framework/web/filters/CInlineFilter.php(59): MediaController->filterAccessControl()
#6 /var/www/Eurotri/yii/framework/web/filters/CFilterChain.php(130): CInlineFilter->filter()
#7 /var/www/Eurotri/yii/framework/web/CController.php(283): CFilterChain->run()
#8 /var/www/Eurotri/yii/framework/web/CController.php(257): MediaController->runActionWithFilters()
#9 /var/www/Eurotri/yii/framework/web/CWebApplication.php(328): MediaController->run()
#10 /var/www/Eurotri/yii/framework/web/CWebApplication.php(121): CWebApplication->runController()
#11 /var/www/Eurotri/yii/framework/base/CApplication.php(155): CWebApplication->processRequest()
#12 /var/www/Eurotri/admin.php(13): CWebApplication->run()
REQUEST_URI=/Eurotri/admin.php?r=media/deleteFile
2012/05/21 13:54:40 [error] [php] unlink(/var/www/Eurotri/upload/20110517093825.png): No such file or directory (/var/www/Eurotri/protected/admin/controllers/MediaController.php:276)
Stack trace:
#0 /var/www/Eurotri/yii/framework/web/actions/CInlineAction.php(57): MediaController->actionDeleteFile()
#1 /var/www/Eurotri/yii/framework/web/CController.php(300): CInlineAction->run()
#2 /var/www/Eurotri/yii/framework/web/filters/CFilterChain.php(133): MediaController->runAction()
#3 /var/www/Eurotri/yii/framework/web/filters/CFilter.php(41): CFilterChain->run()
#4 /var/www/Eurotri/yii/framework/web/CController.php(1088): CAccessControlFilter->filter()
#5 /var/www/Eurotri/yii/framework/web/filters/CInlineFilter.php(59): MediaController->filterAccessControl()
#6 /var/www/Eurotri/yii/framework/web/filters/CFilterChain.php(130): CInlineFilter->filter()
#7 /var/www/Eurotri/yii/framework/web/CController.php(283): CFilterChain->run()
#8 /var/www/Eurotri/yii/framework/web/CController.php(257): MediaController->runActionWithFilters()
#9 /var/www/Eurotri/yii/framework/web/CWebApplication.php(328): MediaController->run()
#10 /var/www/Eurotri/yii/framework/web/CWebApplication.php(121): CWebApplication->runController()
#11 /var/www/Eurotri/yii/framework/base/CApplication.php(155): CWebApplication->processRequest()
#12 /var/www/Eurotri/admin.php(13): CWebApplication->run()
REQUEST_URI=/Eurotri/admin.php?r=media/deleteFile
2012/05/21 13:55:06 [error] [php] unlink(/var/www/Eurotri/upload/20110517093825.png): No such file or directory (/var/www/Eurotri/protected/admin/controllers/MediaController.php:276)
Stack trace:
#0 /var/www/Eurotri/yii/framework/web/actions/CInlineAction.php(57): MediaController->actionDeleteFile()
#1 /var/www/Eurotri/yii/framework/web/CController.php(300): CInlineAction->run()
#2 /var/www/Eurotri/yii/framework/web/filters/CFilterChain.php(133): MediaController->runAction()
#3 /var/www/Eurotri/yii/framework/web/filters/CFilter.php(41): CFilterChain->run()
#4 /var/www/Eurotri/yii/framework/web/CController.php(1088): CAccessControlFilter->filter()
#5 /var/www/Eurotri/yii/framework/web/filters/CInlineFilter.php(59): MediaController->filterAccessControl()
#6 /var/www/Eurotri/yii/framework/web/filters/CFilterChain.php(130): CInlineFilter->filter()
#7 /var/www/Eurotri/yii/framework/web/CController.php(283): CFilterChain->run()
#8 /var/www/Eurotri/yii/framework/web/CController.php(257): MediaController->runActionWithFilters()
#9 /var/www/Eurotri/yii/framework/web/CWebApplication.php(328): MediaController->run()
#10 /var/www/Eurotri/yii/framework/web/CWebApplication.php(121): CWebApplication->runController()
#11 /var/www/Eurotri/yii/framework/base/CApplication.php(155): CWebApplication->processRequest()
#12 /var/www/Eurotri/admin.php(13): CWebApplication->run()
REQUEST_URI=/Eurotri/admin.php?r=media/deleteFile
2012/05/21 13:55:06 [error] [php] unlink(/var/www/Eurotri/upload/20110517093825.png): No such file or directory (/var/www/Eurotri/protected/admin/controllers/MediaController.php:276)
Stack trace:
#0 /var/www/Eurotri/yii/framework/web/actions/CInlineAction.php(57): MediaController->actionDeleteFile()
#1 /var/www/Eurotri/yii/framework/web/CController.php(300): CInlineAction->run()
#2 /var/www/Eurotri/yii/framework/web/filters/CFilterChain.php(133): MediaController->runAction()
#3 /var/www/Eurotri/yii/framework/web/filters/CFilter.php(41): CFilterChain->run()
#4 /var/www/Eurotri/yii/framework/web/CController.php(1088): CAccessControlFilter->filter()
#5 /var/www/Eurotri/yii/framework/web/filters/CInlineFilter.php(59): MediaController->filterAccessControl()
#6 /var/www/Eurotri/yii/framework/web/filters/CFilterChain.php(130): CInlineFilter->filter()
#7 /var/www/Eurotri/yii/framework/web/CController.php(283): CFilterChain->run()
#8 /var/www/Eurotri/yii/framework/web/CController.php(257): MediaController->runActionWithFilters()
#9 /var/www/Eurotri/yii/framework/web/CWebApplication.php(328): MediaController->run()
#10 /var/www/Eurotri/yii/framework/web/CWebApplication.php(121): CWebApplication->runController()
#11 /var/www/Eurotri/yii/framework/base/CApplication.php(155): CWebApplication->processRequest()
#12 /var/www/Eurotri/admin.php(13): CWebApplication->run()
REQUEST_URI=/Eurotri/admin.php?r=media/deleteFile
2012/05/21 13:55:19 [error] [php] fopen(/var/www/Eurotri/upload/20110517093825.png): failed to open stream: No such file or directory (/var/www/Eurotri/protected/admin/views/media/download.php:5)
Stack trace:
#0 /var/www/Eurotri/yii/framework/web/CBaseController.php(88): MediaController->renderInternal()
#1 /var/www/Eurotri/yii/framework/web/CController.php(833): MediaController->renderFile()
#2 /var/www/Eurotri/yii/framework/web/CController.php(746): MediaController->renderPartial()
#3 /var/www/Eurotri/protected/admin/controllers/MediaController.php(303): MediaController->render()
#4 /var/www/Eurotri/yii/framework/web/actions/CInlineAction.php(57): MediaController->actionDownload()
#5 /var/www/Eurotri/yii/framework/web/CController.php(300): CInlineAction->run()
#6 /var/www/Eurotri/yii/framework/web/filters/CFilterChain.php(133): MediaController->runAction()
#7 /var/www/Eurotri/yii/framework/web/filters/CFilter.php(41): CFilterChain->run()
#8 /var/www/Eurotri/yii/framework/web/CController.php(1088): CAccessControlFilter->filter()
#9 /var/www/Eurotri/yii/framework/web/filters/CInlineFilter.php(59): MediaController->filterAccessControl()
#10 /var/www/Eurotri/yii/framework/web/filters/CFilterChain.php(130): CInlineFilter->filter()
#11 /var/www/Eurotri/yii/framework/web/CController.php(283): CFilterChain->run()
#12 /var/www/Eurotri/yii/framework/web/CController.php(257): MediaController->runActionWithFilters()
#13 /var/www/Eurotri/yii/framework/web/CWebApplication.php(328): MediaController->run()
#14 /var/www/Eurotri/yii/framework/web/CWebApplication.php(121): CWebApplication->runController()
#15 /var/www/Eurotri/yii/framework/base/CApplication.php(155): CWebApplication->processRequest()
#16 /var/www/Eurotri/admin.php(13): CWebApplication->run()
REQUEST_URI=/Eurotri/admin.php?r=media/download&descarga=20110517093825.png
2012/05/21 13:55:19 [error] [php] fopen(/var/www/Eurotri/upload/20110517093825.png): failed to open stream: No such file or directory (/var/www/Eurotri/protected/admin/views/media/download.php:5)
Stack trace:
#0 /var/www/Eurotri/yii/framework/web/CBaseController.php(88): MediaController->renderInternal()
#1 /var/www/Eurotri/yii/framework/web/CController.php(833): MediaController->renderFile()
#2 /var/www/Eurotri/yii/framework/web/CController.php(746): MediaController->renderPartial()
#3 /var/www/Eurotri/protected/admin/controllers/MediaController.php(303): MediaController->render()
#4 /var/www/Eurotri/yii/framework/web/actions/CInlineAction.php(57): MediaController->actionDownload()
#5 /var/www/Eurotri/yii/framework/web/CController.php(300): CInlineAction->run()
#6 /var/www/Eurotri/yii/framework/web/filters/CFilterChain.php(133): MediaController->runAction()
#7 /var/www/Eurotri/yii/framework/web/filters/CFilter.php(41): CFilterChain->run()
#8 /var/www/Eurotri/yii/framework/web/CController.php(1088): CAccessControlFilter->filter()
#9 /var/www/Eurotri/yii/framework/web/filters/CInlineFilter.php(59): MediaController->filterAccessControl()
#10 /var/www/Eurotri/yii/framework/web/filters/CFilterChain.php(130): CInlineFilter->filter()
#11 /var/www/Eurotri/yii/framework/web/CController.php(283): CFilterChain->run()
#12 /var/www/Eurotri/yii/framework/web/CController.php(257): MediaController->runActionWithFilters()
#13 /var/www/Eurotri/yii/framework/web/CWebApplication.php(328): MediaController->run()
#14 /var/www/Eurotri/yii/framework/web/CWebApplication.php(121): CWebApplication->runController()
#15 /var/www/Eurotri/yii/framework/base/CApplication.php(155): CWebApplication->processRequest()
#16 /var/www/Eurotri/admin.php(13): CWebApplication->run()
REQUEST_URI=/Eurotri/admin.php?r=media/download&descarga=20110517093825.png
2012/05/21 14:00:32 [error] [php] unlink(/var/www/Eurotri/upload/20110517095010.jpg): No such file or directory (/var/www/Eurotri/protected/admin/controllers/MediaController.php:276)
Stack trace:
#0 /var/www/Eurotri/yii/framework/web/actions/CInlineAction.php(57): MediaController->actionDeleteFile()
#1 /var/www/Eurotri/yii/framework/web/CController.php(300): CInlineAction->run()
#2 /var/www/Eurotri/yii/framework/web/filters/CFilterChain.php(133): MediaController->runAction()
#3 /var/www/Eurotri/yii/framework/web/filters/CFilter.php(41): CFilterChain->run()
#4 /var/www/Eurotri/yii/framework/web/CController.php(1088): CAccessControlFilter->filter()
#5 /var/www/Eurotri/yii/framework/web/filters/CInlineFilter.php(59): MediaController->filterAccessControl()
#6 /var/www/Eurotri/yii/framework/web/filters/CFilterChain.php(130): CInlineFilter->filter()
#7 /var/www/Eurotri/yii/framework/web/CController.php(283): CFilterChain->run()
#8 /var/www/Eurotri/yii/framework/web/CController.php(257): MediaController->runActionWithFilters()
#9 /var/www/Eurotri/yii/framework/web/CWebApplication.php(328): MediaController->run()
#10 /var/www/Eurotri/yii/framework/web/CWebApplication.php(121): CWebApplication->runController()
#11 /var/www/Eurotri/yii/framework/base/CApplication.php(155): CWebApplication->processRequest()
#12 /var/www/Eurotri/admin.php(13): CWebApplication->run()
REQUEST_URI=/Eurotri/admin.php?r=media/deleteFile
2012/05/21 14:00:32 [error] [php] unlink(/var/www/Eurotri/upload/20110517095010.jpg): No such file or directory (/var/www/Eurotri/protected/admin/controllers/MediaController.php:276)
Stack trace:
#0 /var/www/Eurotri/yii/framework/web/actions/CInlineAction.php(57): MediaController->actionDeleteFile()
#1 /var/www/Eurotri/yii/framework/web/CController.php(300): CInlineAction->run()
#2 /var/www/Eurotri/yii/framework/web/filters/CFilterChain.php(133): MediaController->runAction()
#3 /var/www/Eurotri/yii/framework/web/filters/CFilter.php(41): CFilterChain->run()
#4 /var/www/Eurotri/yii/framework/web/CController.php(1088): CAccessControlFilter->filter()
#5 /var/www/Eurotri/yii/framework/web/filters/CInlineFilter.php(59): MediaController->filterAccessControl()
#6 /var/www/Eurotri/yii/framework/web/filters/CFilterChain.php(130): CInlineFilter->filter()
#7 /var/www/Eurotri/yii/framework/web/CController.php(283): CFilterChain->run()
#8 /var/www/Eurotri/yii/framework/web/CController.php(257): MediaController->runActionWithFilters()
#9 /var/www/Eurotri/yii/framework/web/CWebApplication.php(328): MediaController->run()
#10 /var/www/Eurotri/yii/framework/web/CWebApplication.php(121): CWebApplication->runController()
#11 /var/www/Eurotri/yii/framework/base/CApplication.php(155): CWebApplication->processRequest()
#12 /var/www/Eurotri/admin.php(13): CWebApplication->run()
REQUEST_URI=/Eurotri/admin.php?r=media/deleteFile
2012/05/21 14:01:27 [error] [php] unlink(/var/www/Eurotri/upload/20110525054642.jpg): No such file or directory (/var/www/Eurotri/protected/admin/controllers/MediaController.php:276)
Stack trace:
#0 /var/www/Eurotri/yii/framework/web/actions/CInlineAction.php(57): MediaController->actionDeleteFile()
#1 /var/www/Eurotri/yii/framework/web/CController.php(300): CInlineAction->run()
#2 /var/www/Eurotri/yii/framework/web/filters/CFilterChain.php(133): MediaController->runAction()
#3 /var/www/Eurotri/yii/framework/web/filters/CFilter.php(41): CFilterChain->run()
#4 /var/www/Eurotri/yii/framework/web/CController.php(1088): CAccessControlFilter->filter()
#5 /var/www/Eurotri/yii/framework/web/filters/CInlineFilter.php(59): MediaController->filterAccessControl()
#6 /var/www/Eurotri/yii/framework/web/filters/CFilterChain.php(130): CInlineFilter->filter()
#7 /var/www/Eurotri/yii/framework/web/CController.php(283): CFilterChain->run()
#8 /var/www/Eurotri/yii/framework/web/CController.php(257): MediaController->runActionWithFilters()
#9 /var/www/Eurotri/yii/framework/web/CWebApplication.php(328): MediaController->run()
#10 /var/www/Eurotri/yii/framework/web/CWebApplication.php(121): CWebApplication->runController()
#11 /var/www/Eurotri/yii/framework/base/CApplication.php(155): CWebApplication->processRequest()
#12 /var/www/Eurotri/admin.php(13): CWebApplication->run()
REQUEST_URI=/Eurotri/admin.php?r=media/deleteFile
2012/05/21 14:01:27 [error] [php] unlink(/var/www/Eurotri/upload/20110525054642.jpg): No such file or directory (/var/www/Eurotri/protected/admin/controllers/MediaController.php:276)
Stack trace:
#0 /var/www/Eurotri/yii/framework/web/actions/CInlineAction.php(57): MediaController->actionDeleteFile()
#1 /var/www/Eurotri/yii/framework/web/CController.php(300): CInlineAction->run()
#2 /var/www/Eurotri/yii/framework/web/filters/CFilterChain.php(133): MediaController->runAction()
#3 /var/www/Eurotri/yii/framework/web/filters/CFilter.php(41): CFilterChain->run()
#4 /var/www/Eurotri/yii/framework/web/CController.php(1088): CAccessControlFilter->filter()
#5 /var/www/Eurotri/yii/framework/web/filters/CInlineFilter.php(59): MediaController->filterAccessControl()
#6 /var/www/Eurotri/yii/framework/web/filters/CFilterChain.php(130): CInlineFilter->filter()
#7 /var/www/Eurotri/yii/framework/web/CController.php(283): CFilterChain->run()
#8 /var/www/Eurotri/yii/framework/web/CController.php(257): MediaController->runActionWithFilters()
#9 /var/www/Eurotri/yii/framework/web/CWebApplication.php(328): MediaController->run()
#10 /var/www/Eurotri/yii/framework/web/CWebApplication.php(121): CWebApplication->runController()
#11 /var/www/Eurotri/yii/framework/base/CApplication.php(155): CWebApplication->processRequest()
#12 /var/www/Eurotri/admin.php(13): CWebApplication->run()
REQUEST_URI=/Eurotri/admin.php?r=media/deleteFile
2012/05/21 14:01:32 [error] [php] unlink(/var/www/Eurotri/upload/20110525054642.jpg): No such file or directory (/var/www/Eurotri/protected/admin/controllers/MediaController.php:276)
Stack trace:
#0 /var/www/Eurotri/yii/framework/web/actions/CInlineAction.php(57): MediaController->actionDeleteFile()
#1 /var/www/Eurotri/yii/framework/web/CController.php(300): CInlineAction->run()
#2 /var/www/Eurotri/yii/framework/web/filters/CFilterChain.php(133): MediaController->runAction()
#3 /var/www/Eurotri/yii/framework/web/filters/CFilter.php(41): CFilterChain->run()
#4 /var/www/Eurotri/yii/framework/web/CController.php(1088): CAccessControlFilter->filter()
#5 /var/www/Eurotri/yii/framework/web/filters/CInlineFilter.php(59): MediaController->filterAccessControl()
#6 /var/www/Eurotri/yii/framework/web/filters/CFilterChain.php(130): CInlineFilter->filter()
#7 /var/www/Eurotri/yii/framework/web/CController.php(283): CFilterChain->run()
#8 /var/www/Eurotri/yii/framework/web/CController.php(257): MediaController->runActionWithFilters()
#9 /var/www/Eurotri/yii/framework/web/CWebApplication.php(328): MediaController->run()
#10 /var/www/Eurotri/yii/framework/web/CWebApplication.php(121): CWebApplication->runController()
#11 /var/www/Eurotri/yii/framework/base/CApplication.php(155): CWebApplication->processRequest()
#12 /var/www/Eurotri/admin.php(13): CWebApplication->run()
REQUEST_URI=/Eurotri/admin.php?r=media/deleteFile
2012/05/21 14:01:32 [error] [php] unlink(/var/www/Eurotri/upload/20110525054642.jpg): No such file or directory (/var/www/Eurotri/protected/admin/controllers/MediaController.php:276)
Stack trace:
#0 /var/www/Eurotri/yii/framework/web/actions/CInlineAction.php(57): MediaController->actionDeleteFile()
#1 /var/www/Eurotri/yii/framework/web/CController.php(300): CInlineAction->run()
#2 /var/www/Eurotri/yii/framework/web/filters/CFilterChain.php(133): MediaController->runAction()
#3 /var/www/Eurotri/yii/framework/web/filters/CFilter.php(41): CFilterChain->run()
#4 /var/www/Eurotri/yii/framework/web/CController.php(1088): CAccessControlFilter->filter()
#5 /var/www/Eurotri/yii/framework/web/filters/CInlineFilter.php(59): MediaController->filterAccessControl()
#6 /var/www/Eurotri/yii/framework/web/filters/CFilterChain.php(130): CInlineFilter->filter()
#7 /var/www/Eurotri/yii/framework/web/CController.php(283): CFilterChain->run()
#8 /var/www/Eurotri/yii/framework/web/CController.php(257): MediaController->runActionWithFilters()
#9 /var/www/Eurotri/yii/framework/web/CWebApplication.php(328): MediaController->run()
#10 /var/www/Eurotri/yii/framework/web/CWebApplication.php(121): CWebApplication->runController()
#11 /var/www/Eurotri/yii/framework/base/CApplication.php(155): CWebApplication->processRequest()
#12 /var/www/Eurotri/admin.php(13): CWebApplication->run()
REQUEST_URI=/Eurotri/admin.php?r=media/deleteFile
2012/05/21 14:01:33 [error] [php] unlink(/var/www/Eurotri/upload/20110525054642.jpg): No such file or directory (/var/www/Eurotri/protected/admin/controllers/MediaController.php:276)
Stack trace:
#0 /var/www/Eurotri/yii/framework/web/actions/CInlineAction.php(57): MediaController->actionDeleteFile()
#1 /var/www/Eurotri/yii/framework/web/CController.php(300): CInlineAction->run()
#2 /var/www/Eurotri/yii/framework/web/filters/CFilterChain.php(133): MediaController->runAction()
#3 /var/www/Eurotri/yii/framework/web/filters/CFilter.php(41): CFilterChain->run()
#4 /var/www/Eurotri/yii/framework/web/CController.php(1088): CAccessControlFilter->filter()
#5 /var/www/Eurotri/yii/framework/web/filters/CInlineFilter.php(59): MediaController->filterAccessControl()
#6 /var/www/Eurotri/yii/framework/web/filters/CFilterChain.php(130): CInlineFilter->filter()
#7 /var/www/Eurotri/yii/framework/web/CController.php(283): CFilterChain->run()
#8 /var/www/Eurotri/yii/framework/web/CController.php(257): MediaController->runActionWithFilters()
#9 /var/www/Eurotri/yii/framework/web/CWebApplication.php(328): MediaController->run()
#10 /var/www/Eurotri/yii/framework/web/CWebApplication.php(121): CWebApplication->runController()
#11 /var/www/Eurotri/yii/framework/base/CApplication.php(155): CWebApplication->processRequest()
#12 /var/www/Eurotri/admin.php(13): CWebApplication->run()
REQUEST_URI=/Eurotri/admin.php?r=media/deleteFile
2012/05/21 14:01:33 [error] [php] unlink(/var/www/Eurotri/upload/20110525054642.jpg): No such file or directory (/var/www/Eurotri/protected/admin/controllers/MediaController.php:276)
Stack trace:
#0 /var/www/Eurotri/yii/framework/web/actions/CInlineAction.php(57): MediaController->actionDeleteFile()
#1 /var/www/Eurotri/yii/framework/web/CController.php(300): CInlineAction->run()
#2 /var/www/Eurotri/yii/framework/web/filters/CFilterChain.php(133): MediaController->runAction()
#3 /var/www/Eurotri/yii/framework/web/filters/CFilter.php(41): CFilterChain->run()
#4 /var/www/Eurotri/yii/framework/web/CController.php(1088): CAccessControlFilter->filter()
#5 /var/www/Eurotri/yii/framework/web/filters/CInlineFilter.php(59): MediaController->filterAccessControl()
#6 /var/www/Eurotri/yii/framework/web/filters/CFilterChain.php(130): CInlineFilter->filter()
#7 /var/www/Eurotri/yii/framework/web/CController.php(283): CFilterChain->run()
#8 /var/www/Eurotri/yii/framework/web/CController.php(257): MediaController->runActionWithFilters()
#9 /var/www/Eurotri/yii/framework/web/CWebApplication.php(328): MediaController->run()
#10 /var/www/Eurotri/yii/framework/web/CWebApplication.php(121): CWebApplication->runController()
#11 /var/www/Eurotri/yii/framework/base/CApplication.php(155): CWebApplication->processRequest()
#12 /var/www/Eurotri/admin.php(13): CWebApplication->run()
REQUEST_URI=/Eurotri/admin.php?r=media/deleteFile
2012/05/21 14:06:41 [error] [php] unlink(/var/www/Eurotri/upload/20110525054715.jpg): No such file or directory (/var/www/Eurotri/protected/admin/controllers/MediaController.php:277)
Stack trace:
#0 /var/www/Eurotri/yii/framework/web/actions/CInlineAction.php(57): MediaController->actionDeleteFile()
#1 /var/www/Eurotri/yii/framework/web/CController.php(300): CInlineAction->run()
#2 /var/www/Eurotri/yii/framework/web/filters/CFilterChain.php(133): MediaController->runAction()
#3 /var/www/Eurotri/yii/framework/web/filters/CFilter.php(41): CFilterChain->run()
#4 /var/www/Eurotri/yii/framework/web/CController.php(1088): CAccessControlFilter->filter()
#5 /var/www/Eurotri/yii/framework/web/filters/CInlineFilter.php(59): MediaController->filterAccessControl()
#6 /var/www/Eurotri/yii/framework/web/filters/CFilterChain.php(130): CInlineFilter->filter()
#7 /var/www/Eurotri/yii/framework/web/CController.php(283): CFilterChain->run()
#8 /var/www/Eurotri/yii/framework/web/CController.php(257): MediaController->runActionWithFilters()
#9 /var/www/Eurotri/yii/framework/web/CWebApplication.php(328): MediaController->run()
#10 /var/www/Eurotri/yii/framework/web/CWebApplication.php(121): CWebApplication->runController()
#11 /var/www/Eurotri/yii/framework/base/CApplication.php(155): CWebApplication->processRequest()
#12 /var/www/Eurotri/admin.php(13): CWebApplication->run()
REQUEST_URI=/Eurotri/admin.php?r=media/deleteFile
2012/05/21 14:06:41 [error] [php] unlink(/var/www/Eurotri/upload/20110525054715.jpg): No such file or directory (/var/www/Eurotri/protected/admin/controllers/MediaController.php:277)
Stack trace:
#0 /var/www/Eurotri/yii/framework/web/actions/CInlineAction.php(57): MediaController->actionDeleteFile()
#1 /var/www/Eurotri/yii/framework/web/CController.php(300): CInlineAction->run()
#2 /var/www/Eurotri/yii/framework/web/filters/CFilterChain.php(133): MediaController->runAction()
#3 /var/www/Eurotri/yii/framework/web/filters/CFilter.php(41): CFilterChain->run()
#4 /var/www/Eurotri/yii/framework/web/CController.php(1088): CAccessControlFilter->filter()
#5 /var/www/Eurotri/yii/framework/web/filters/CInlineFilter.php(59): MediaController->filterAccessControl()
#6 /var/www/Eurotri/yii/framework/web/filters/CFilterChain.php(130): CInlineFilter->filter()
#7 /var/www/Eurotri/yii/framework/web/CController.php(283): CFilterChain->run()
#8 /var/www/Eurotri/yii/framework/web/CController.php(257): MediaController->runActionWithFilters()
#9 /var/www/Eurotri/yii/framework/web/CWebApplication.php(328): MediaController->run()
#10 /var/www/Eurotri/yii/framework/web/CWebApplication.php(121): CWebApplication->runController()
#11 /var/www/Eurotri/yii/framework/base/CApplication.php(155): CWebApplication->processRequest()
#12 /var/www/Eurotri/admin.php(13): CWebApplication->run()
REQUEST_URI=/Eurotri/admin.php?r=media/deleteFile
2012/05/21 14:06:49 [error] [php] unlink(/var/www/Eurotri/upload/20110526111841.png): No such file or directory (/var/www/Eurotri/protected/admin/controllers/MediaController.php:277)
Stack trace:
#0 /var/www/Eurotri/yii/framework/web/actions/CInlineAction.php(57): MediaController->actionDeleteFile()
#1 /var/www/Eurotri/yii/framework/web/CController.php(300): CInlineAction->run()
#2 /var/www/Eurotri/yii/framework/web/filters/CFilterChain.php(133): MediaController->runAction()
#3 /var/www/Eurotri/yii/framework/web/filters/CFilter.php(41): CFilterChain->run()
#4 /var/www/Eurotri/yii/framework/web/CController.php(1088): CAccessControlFilter->filter()
#5 /var/www/Eurotri/yii/framework/web/filters/CInlineFilter.php(59): MediaController->filterAccessControl()
#6 /var/www/Eurotri/yii/framework/web/filters/CFilterChain.php(130): CInlineFilter->filter()
#7 /var/www/Eurotri/yii/framework/web/CController.php(283): CFilterChain->run()
#8 /var/www/Eurotri/yii/framework/web/CController.php(257): MediaController->runActionWithFilters()
#9 /var/www/Eurotri/yii/framework/web/CWebApplication.php(328): MediaController->run()
#10 /var/www/Eurotri/yii/framework/web/CWebApplication.php(121): CWebApplication->runController()
#11 /var/www/Eurotri/yii/framework/base/CApplication.php(155): CWebApplication->processRequest()
#12 /var/www/Eurotri/admin.php(13): CWebApplication->run()
REQUEST_URI=/Eurotri/admin.php?r=media/deleteFile
2012/05/21 14:06:49 [error] [php] unlink(/var/www/Eurotri/upload/20110526111841.png): No such file or directory (/var/www/Eurotri/protected/admin/controllers/MediaController.php:277)
Stack trace:
#0 /var/www/Eurotri/yii/framework/web/actions/CInlineAction.php(57): MediaController->actionDeleteFile()
#1 /var/www/Eurotri/yii/framework/web/CController.php(300): CInlineAction->run()
#2 /var/www/Eurotri/yii/framework/web/filters/CFilterChain.php(133): MediaController->runAction()
#3 /var/www/Eurotri/yii/framework/web/filters/CFilter.php(41): CFilterChain->run()
#4 /var/www/Eurotri/yii/framework/web/CController.php(1088): CAccessControlFilter->filter()
#5 /var/www/Eurotri/yii/framework/web/filters/CInlineFilter.php(59): MediaController->filterAccessControl()
#6 /var/www/Eurotri/yii/framework/web/filters/CFilterChain.php(130): CInlineFilter->filter()
#7 /var/www/Eurotri/yii/framework/web/CController.php(283): CFilterChain->run()
#8 /var/www/Eurotri/yii/framework/web/CController.php(257): MediaController->runActionWithFilters()
#9 /var/www/Eurotri/yii/framework/web/CWebApplication.php(328): MediaController->run()
#10 /var/www/Eurotri/yii/framework/web/CWebApplication.php(121): CWebApplication->runController()
#11 /var/www/Eurotri/yii/framework/base/CApplication.php(155): CWebApplication->processRequest()
#12 /var/www/Eurotri/admin.php(13): CWebApplication->run()
REQUEST_URI=/Eurotri/admin.php?r=media/deleteFile
2012/05/21 14:06:49 [error] [php] unlink(/var/www/Eurotri/upload/20110526111841.png): No such file or directory (/var/www/Eurotri/protected/admin/controllers/MediaController.php:277)
Stack trace:
#0 /var/www/Eurotri/yii/framework/web/actions/CInlineAction.php(57): MediaController->actionDeleteFile()
#1 /var/www/Eurotri/yii/framework/web/CController.php(300): CInlineAction->run()
#2 /var/www/Eurotri/yii/framework/web/filters/CFilterChain.php(133): MediaController->runAction()
#3 /var/www/Eurotri/yii/framework/web/filters/CFilter.php(41): CFilterChain->run()
#4 /var/www/Eurotri/yii/framework/web/CController.php(1088): CAccessControlFilter->filter()
#5 /var/www/Eurotri/yii/framework/web/filters/CInlineFilter.php(59): MediaController->filterAccessControl()
#6 /var/www/Eurotri/yii/framework/web/filters/CFilterChain.php(130): CInlineFilter->filter()
#7 /var/www/Eurotri/yii/framework/web/CController.php(283): CFilterChain->run()
#8 /var/www/Eurotri/yii/framework/web/CController.php(257): MediaController->runActionWithFilters()
#9 /var/www/Eurotri/yii/framework/web/CWebApplication.php(328): MediaController->run()
#10 /var/www/Eurotri/yii/framework/web/CWebApplication.php(121): CWebApplication->runController()
#11 /var/www/Eurotri/yii/framework/base/CApplication.php(155): CWebApplication->processRequest()
#12 /var/www/Eurotri/admin.php(13): CWebApplication->run()
REQUEST_URI=/Eurotri/admin.php?r=media/deleteFile
2012/05/21 14:06:49 [error] [php] unlink(/var/www/Eurotri/upload/20110526111841.png): No such file or directory (/var/www/Eurotri/protected/admin/controllers/MediaController.php:277)
Stack trace:
#0 /var/www/Eurotri/yii/framework/web/actions/CInlineAction.php(57): MediaController->actionDeleteFile()
#1 /var/www/Eurotri/yii/framework/web/CController.php(300): CInlineAction->run()
#2 /var/www/Eurotri/yii/framework/web/filters/CFilterChain.php(133): MediaController->runAction()
#3 /var/www/Eurotri/yii/framework/web/filters/CFilter.php(41): CFilterChain->run()
#4 /var/www/Eurotri/yii/framework/web/CController.php(1088): CAccessControlFilter->filter()
#5 /var/www/Eurotri/yii/framework/web/filters/CInlineFilter.php(59): MediaController->filterAccessControl()
#6 /var/www/Eurotri/yii/framework/web/filters/CFilterChain.php(130): CInlineFilter->filter()
#7 /var/www/Eurotri/yii/framework/web/CController.php(283): CFilterChain->run()
#8 /var/www/Eurotri/yii/framework/web/CController.php(257): MediaController->runActionWithFilters()
#9 /var/www/Eurotri/yii/framework/web/CWebApplication.php(328): MediaController->run()
#10 /var/www/Eurotri/yii/framework/web/CWebApplication.php(121): CWebApplication->runController()
#11 /var/www/Eurotri/yii/framework/base/CApplication.php(155): CWebApplication->processRequest()
#12 /var/www/Eurotri/admin.php(13): CWebApplication->run()
REQUEST_URI=/Eurotri/admin.php?r=media/deleteFile
2012/05/21 14:06:49 [error] [php] unlink(/var/www/Eurotri/upload/20110526111841.png): No such file or directory (/var/www/Eurotri/protected/admin/controllers/MediaController.php:277)
Stack trace:
#0 /var/www/Eurotri/yii/framework/web/actions/CInlineAction.php(57): MediaController->actionDeleteFile()
#1 /var/www/Eurotri/yii/framework/web/CController.php(300): CInlineAction->run()
#2 /var/www/Eurotri/yii/framework/web/filters/CFilterChain.php(133): MediaController->runAction()
#3 /var/www/Eurotri/yii/framework/web/filters/CFilter.php(41): CFilterChain->run()
#4 /var/www/Eurotri/yii/framework/web/CController.php(1088): CAccessControlFilter->filter()
#5 /var/www/Eurotri/yii/framework/web/filters/CInlineFilter.php(59): MediaController->filterAccessControl()
#6 /var/www/Eurotri/yii/framework/web/filters/CFilterChain.php(130): CInlineFilter->filter()
#7 /var/www/Eurotri/yii/framework/web/CController.php(283): CFilterChain->run()
#8 /var/www/Eurotri/yii/framework/web/CController.php(257): MediaController->runActionWithFilters()
#9 /var/www/Eurotri/yii/framework/web/CWebApplication.php(328): MediaController->run()
#10 /var/www/Eurotri/yii/framework/web/CWebApplication.php(121): CWebApplication->runController()
#11 /var/www/Eurotri/yii/framework/base/CApplication.php(155): CWebApplication->processRequest()
#12 /var/www/Eurotri/admin.php(13): CWebApplication->run()
REQUEST_URI=/Eurotri/admin.php?r=media/deleteFile
2012/05/21 14:06:49 [error] [php] unlink(/var/www/Eurotri/upload/20110526111841.png): No such file or directory (/var/www/Eurotri/protected/admin/controllers/MediaController.php:277)
Stack trace:
#0 /var/www/Eurotri/yii/framework/web/actions/CInlineAction.php(57): MediaController->actionDeleteFile()
#1 /var/www/Eurotri/yii/framework/web/CController.php(300): CInlineAction->run()
#2 /var/www/Eurotri/yii/framework/web/filters/CFilterChain.php(133): MediaController->runAction()
#3 /var/www/Eurotri/yii/framework/web/filters/CFilter.php(41): CFilterChain->run()
#4 /var/www/Eurotri/yii/framework/web/CController.php(1088): CAccessControlFilter->filter()
#5 /var/www/Eurotri/yii/framework/web/filters/CInlineFilter.php(59): MediaController->filterAccessControl()
#6 /var/www/Eurotri/yii/framework/web/filters/CFilterChain.php(130): CInlineFilter->filter()
#7 /var/www/Eurotri/yii/framework/web/CController.php(283): CFilterChain->run()
#8 /var/www/Eurotri/yii/framework/web/CController.php(257): MediaController->runActionWithFilters()
#9 /var/www/Eurotri/yii/framework/web/CWebApplication.php(328): MediaController->run()
#10 /var/www/Eurotri/yii/framework/web/CWebApplication.php(121): CWebApplication->runController()
#11 /var/www/Eurotri/yii/framework/base/CApplication.php(155): CWebApplication->processRequest()
#12 /var/www/Eurotri/admin.php(13): CWebApplication->run()
REQUEST_URI=/Eurotri/admin.php?r=media/deleteFile
2012/05/21 14:06:50 [error] [php] unlink(/var/www/Eurotri/upload/20110526111841.png): No such file or directory (/var/www/Eurotri/protected/admin/controllers/MediaController.php:277)
Stack trace:
#0 /var/www/Eurotri/yii/framework/web/actions/CInlineAction.php(57): MediaController->actionDeleteFile()
#1 /var/www/Eurotri/yii/framework/web/CController.php(300): CInlineAction->run()
#2 /var/www/Eurotri/yii/framework/web/filters/CFilterChain.php(133): MediaController->runAction()
#3 /var/www/Eurotri/yii/framework/web/filters/CFilter.php(41): CFilterChain->run()
#4 /var/www/Eurotri/yii/framework/web/CController.php(1088): CAccessControlFilter->filter()
#5 /var/www/Eurotri/yii/framework/web/filters/CInlineFilter.php(59): MediaController->filterAccessControl()
#6 /var/www/Eurotri/yii/framework/web/filters/CFilterChain.php(130): CInlineFilter->filter()
#7 /var/www/Eurotri/yii/framework/web/CController.php(283): CFilterChain->run()
#8 /var/www/Eurotri/yii/framework/web/CController.php(257): MediaController->runActionWithFilters()
#9 /var/www/Eurotri/yii/framework/web/CWebApplication.php(328): MediaController->run()
#10 /var/www/Eurotri/yii/framework/web/CWebApplication.php(121): CWebApplication->runController()
#11 /var/www/Eurotri/yii/framework/base/CApplication.php(155): CWebApplication->processRequest()
#12 /var/www/Eurotri/admin.php(13): CWebApplication->run()
REQUEST_URI=/Eurotri/admin.php?r=media/deleteFile
2012/05/21 14:06:50 [error] [php] unlink(/var/www/Eurotri/upload/20110526111841.png): No such file or directory (/var/www/Eurotri/protected/admin/controllers/MediaController.php:277)
Stack trace:
#0 /var/www/Eurotri/yii/framework/web/actions/CInlineAction.php(57): MediaController->actionDeleteFile()
#1 /var/www/Eurotri/yii/framework/web/CController.php(300): CInlineAction->run()
#2 /var/www/Eurotri/yii/framework/web/filters/CFilterChain.php(133): MediaController->runAction()
#3 /var/www/Eurotri/yii/framework/web/filters/CFilter.php(41): CFilterChain->run()
#4 /var/www/Eurotri/yii/framework/web/CController.php(1088): CAccessControlFilter->filter()
#5 /var/www/Eurotri/yii/framework/web/filters/CInlineFilter.php(59): MediaController->filterAccessControl()
#6 /var/www/Eurotri/yii/framework/web/filters/CFilterChain.php(130): CInlineFilter->filter()
#7 /var/www/Eurotri/yii/framework/web/CController.php(283): CFilterChain->run()
#8 /var/www/Eurotri/yii/framework/web/CController.php(257): MediaController->runActionWithFilters()
#9 /var/www/Eurotri/yii/framework/web/CWebApplication.php(328): MediaController->run()
#10 /var/www/Eurotri/yii/framework/web/CWebApplication.php(121): CWebApplication->runController()
#11 /var/www/Eurotri/yii/framework/base/CApplication.php(155): CWebApplication->processRequest()
#12 /var/www/Eurotri/admin.php(13): CWebApplication->run()
REQUEST_URI=/Eurotri/admin.php?r=media/deleteFile
2012/05/21 14:06:50 [error] [php] unlink(/var/www/Eurotri/upload/20110526111841.png): No such file or directory (/var/www/Eurotri/protected/admin/controllers/MediaController.php:277)
Stack trace:
#0 /var/www/Eurotri/yii/framework/web/actions/CInlineAction.php(57): MediaController->actionDeleteFile()
#1 /var/www/Eurotri/yii/framework/web/CController.php(300): CInlineAction->run()
#2 /var/www/Eurotri/yii/framework/web/filters/CFilterChain.php(133): MediaController->runAction()
#3 /var/www/Eurotri/yii/framework/web/filters/CFilter.php(41): CFilterChain->run()
#4 /var/www/Eurotri/yii/framework/web/CController.php(1088): CAccessControlFilter->filter()
#5 /var/www/Eurotri/yii/framework/web/filters/CInlineFilter.php(59): MediaController->filterAccessControl()
#6 /var/www/Eurotri/yii/framework/web/filters/CFilterChain.php(130): CInlineFilter->filter()
#7 /var/www/Eurotri/yii/framework/web/CController.php(283): CFilterChain->run()
#8 /var/www/Eurotri/yii/framework/web/CController.php(257): MediaController->runActionWithFilters()
#9 /var/www/Eurotri/yii/framework/web/CWebApplication.php(328): MediaController->run()
#10 /var/www/Eurotri/yii/framework/web/CWebApplication.php(121): CWebApplication->runController()
#11 /var/www/Eurotri/yii/framework/base/CApplication.php(155): CWebApplication->processRequest()
#12 /var/www/Eurotri/admin.php(13): CWebApplication->run()
REQUEST_URI=/Eurotri/admin.php?r=media/deleteFile
2012/05/21 14:06:50 [error] [php] unlink(/var/www/Eurotri/upload/20110526111841.png): No such file or directory (/var/www/Eurotri/protected/admin/controllers/MediaController.php:277)
Stack trace:
#0 /var/www/Eurotri/yii/framework/web/actions/CInlineAction.php(57): MediaController->actionDeleteFile()
#1 /var/www/Eurotri/yii/framework/web/CController.php(300): CInlineAction->run()
#2 /var/www/Eurotri/yii/framework/web/filters/CFilterChain.php(133): MediaController->runAction()
#3 /var/www/Eurotri/yii/framework/web/filters/CFilter.php(41): CFilterChain->run()
#4 /var/www/Eurotri/yii/framework/web/CController.php(1088): CAccessControlFilter->filter()
#5 /var/www/Eurotri/yii/framework/web/filters/CInlineFilter.php(59): MediaController->filterAccessControl()
#6 /var/www/Eurotri/yii/framework/web/filters/CFilterChain.php(130): CInlineFilter->filter()
#7 /var/www/Eurotri/yii/framework/web/CController.php(283): CFilterChain->run()
#8 /var/www/Eurotri/yii/framework/web/CController.php(257): MediaController->runActionWithFilters()
#9 /var/www/Eurotri/yii/framework/web/CWebApplication.php(328): MediaController->run()
#10 /var/www/Eurotri/yii/framework/web/CWebApplication.php(121): CWebApplication->runController()
#11 /var/www/Eurotri/yii/framework/base/CApplication.php(155): CWebApplication->processRequest()
#12 /var/www/Eurotri/admin.php(13): CWebApplication->run()
REQUEST_URI=/Eurotri/admin.php?r=media/deleteFile
2012/05/21 14:11:04 [error] [php] unlink(/var/www/Eurotri/upload/20110526113132.jpg): No such file or directory (/var/www/Eurotri/protected/admin/controllers/MediaController.php:277)
Stack trace:
#0 /var/www/Eurotri/yii/framework/web/actions/CInlineAction.php(57): MediaController->actionDeleteFile()
#1 /var/www/Eurotri/yii/framework/web/CController.php(300): CInlineAction->run()
#2 /var/www/Eurotri/yii/framework/web/filters/CFilterChain.php(133): MediaController->runAction()
#3 /var/www/Eurotri/yii/framework/web/filters/CFilter.php(41): CFilterChain->run()
#4 /var/www/Eurotri/yii/framework/web/CController.php(1088): CAccessControlFilter->filter()
#5 /var/www/Eurotri/yii/framework/web/filters/CInlineFilter.php(59): MediaController->filterAccessControl()
#6 /var/www/Eurotri/yii/framework/web/filters/CFilterChain.php(130): CInlineFilter->filter()
#7 /var/www/Eurotri/yii/framework/web/CController.php(283): CFilterChain->run()
#8 /var/www/Eurotri/yii/framework/web/CController.php(257): MediaController->runActionWithFilters()
#9 /var/www/Eurotri/yii/framework/web/CWebApplication.php(328): MediaController->run()
#10 /var/www/Eurotri/yii/framework/web/CWebApplication.php(121): CWebApplication->runController()
#11 /var/www/Eurotri/yii/framework/base/CApplication.php(155): CWebApplication->processRequest()
#12 /var/www/Eurotri/admin.php(13): CWebApplication->run()
REQUEST_URI=/Eurotri/admin.php?r=media/deleteFile
2012/05/21 14:11:04 [error] [php] unlink(/var/www/Eurotri/upload/20110526113132.jpg): No such file or directory (/var/www/Eurotri/protected/admin/controllers/MediaController.php:277)
Stack trace:
#0 /var/www/Eurotri/yii/framework/web/actions/CInlineAction.php(57): MediaController->actionDeleteFile()
#1 /var/www/Eurotri/yii/framework/web/CController.php(300): CInlineAction->run()
#2 /var/www/Eurotri/yii/framework/web/filters/CFilterChain.php(133): MediaController->runAction()
#3 /var/www/Eurotri/yii/framework/web/filters/CFilter.php(41): CFilterChain->run()
#4 /var/www/Eurotri/yii/framework/web/CController.php(1088): CAccessControlFilter->filter()
#5 /var/www/Eurotri/yii/framework/web/filters/CInlineFilter.php(59): MediaController->filterAccessControl()
#6 /var/www/Eurotri/yii/framework/web/filters/CFilterChain.php(130): CInlineFilter->filter()
#7 /var/www/Eurotri/yii/framework/web/CController.php(283): CFilterChain->run()
#8 /var/www/Eurotri/yii/framework/web/CController.php(257): MediaController->runActionWithFilters()
#9 /var/www/Eurotri/yii/framework/web/CWebApplication.php(328): MediaController->run()
#10 /var/www/Eurotri/yii/framework/web/CWebApplication.php(121): CWebApplication->runController()
#11 /var/www/Eurotri/yii/framework/base/CApplication.php(155): CWebApplication->processRequest()
#12 /var/www/Eurotri/admin.php(13): CWebApplication->run()
REQUEST_URI=/Eurotri/admin.php?r=media/deleteFile
2012/05/21 14:11:04 [error] [php] unlink(/var/www/Eurotri/upload/20110526113132.jpg): No such file or directory (/var/www/Eurotri/protected/admin/controllers/MediaController.php:277)
Stack trace:
#0 /var/www/Eurotri/yii/framework/web/actions/CInlineAction.php(57): MediaController->actionDeleteFile()
#1 /var/www/Eurotri/yii/framework/web/CController.php(300): CInlineAction->run()
#2 /var/www/Eurotri/yii/framework/web/filters/CFilterChain.php(133): MediaController->runAction()
#3 /var/www/Eurotri/yii/framework/web/filters/CFilter.php(41): CFilterChain->run()
#4 /var/www/Eurotri/yii/framework/web/CController.php(1088): CAccessControlFilter->filter()
#5 /var/www/Eurotri/yii/framework/web/filters/CInlineFilter.php(59): MediaController->filterAccessControl()
#6 /var/www/Eurotri/yii/framework/web/filters/CFilterChain.php(130): CInlineFilter->filter()
#7 /var/www/Eurotri/yii/framework/web/CController.php(283): CFilterChain->run()
#8 /var/www/Eurotri/yii/framework/web/CController.php(257): MediaController->runActionWithFilters()
#9 /var/www/Eurotri/yii/framework/web/CWebApplication.php(328): MediaController->run()
#10 /var/www/Eurotri/yii/framework/web/CWebApplication.php(121): CWebApplication->runController()
#11 /var/www/Eurotri/yii/framework/base/CApplication.php(155): CWebApplication->processRequest()
#12 /var/www/Eurotri/admin.php(13): CWebApplication->run()
REQUEST_URI=/Eurotri/admin.php?r=media/deleteFile
2012/05/21 14:11:04 [error] [php] unlink(/var/www/Eurotri/upload/20110526113132.jpg): No such file or directory (/var/www/Eurotri/protected/admin/controllers/MediaController.php:277)
Stack trace:
#0 /var/www/Eurotri/yii/framework/web/actions/CInlineAction.php(57): MediaController->actionDeleteFile()
#1 /var/www/Eurotri/yii/framework/web/CController.php(300): CInlineAction->run()
#2 /var/www/Eurotri/yii/framework/web/filters/CFilterChain.php(133): MediaController->runAction()
#3 /var/www/Eurotri/yii/framework/web/filters/CFilter.php(41): CFilterChain->run()
#4 /var/www/Eurotri/yii/framework/web/CController.php(1088): CAccessControlFilter->filter()
#5 /var/www/Eurotri/yii/framework/web/filters/CInlineFilter.php(59): MediaController->filterAccessControl()
#6 /var/www/Eurotri/yii/framework/web/filters/CFilterChain.php(130): CInlineFilter->filter()
#7 /var/www/Eurotri/yii/framework/web/CController.php(283): CFilterChain->run()
#8 /var/www/Eurotri/yii/framework/web/CController.php(257): MediaController->runActionWithFilters()
#9 /var/www/Eurotri/yii/framework/web/CWebApplication.php(328): MediaController->run()
#10 /var/www/Eurotri/yii/framework/web/CWebApplication.php(121): CWebApplication->runController()
#11 /var/www/Eurotri/yii/framework/base/CApplication.php(155): CWebApplication->processRequest()
#12 /var/www/Eurotri/admin.php(13): CWebApplication->run()
REQUEST_URI=/Eurotri/admin.php?r=media/deleteFile
2012/05/21 14:11:04 [error] [php] unlink(/var/www/Eurotri/upload/20110526113132.jpg): No such file or directory (/var/www/Eurotri/protected/admin/controllers/MediaController.php:277)
Stack trace:
#0 /var/www/Eurotri/yii/framework/web/actions/CInlineAction.php(57): MediaController->actionDeleteFile()
#1 /var/www/Eurotri/yii/framework/web/CController.php(300): CInlineAction->run()
#2 /var/www/Eurotri/yii/framework/web/filters/CFilterChain.php(133): MediaController->runAction()
#3 /var/www/Eurotri/yii/framework/web/filters/CFilter.php(41): CFilterChain->run()
#4 /var/www/Eurotri/yii/framework/web/CController.php(1088): CAccessControlFilter->filter()
#5 /var/www/Eurotri/yii/framework/web/filters/CInlineFilter.php(59): MediaController->filterAccessControl()
#6 /var/www/Eurotri/yii/framework/web/filters/CFilterChain.php(130): CInlineFilter->filter()
#7 /var/www/Eurotri/yii/framework/web/CController.php(283): CFilterChain->run()
#8 /var/www/Eurotri/yii/framework/web/CController.php(257): MediaController->runActionWithFilters()
#9 /var/www/Eurotri/yii/framework/web/CWebApplication.php(328): MediaController->run()
#10 /var/www/Eurotri/yii/framework/web/CWebApplication.php(121): CWebApplication->runController()
#11 /var/www/Eurotri/yii/framework/base/CApplication.php(155): CWebApplication->processRequest()
#12 /var/www/Eurotri/admin.php(13): CWebApplication->run()
REQUEST_URI=/Eurotri/admin.php?r=media/deleteFile
2012/05/21 14:11:04 [error] [php] unlink(/var/www/Eurotri/upload/20110526113132.jpg): No such file or directory (/var/www/Eurotri/protected/admin/controllers/MediaController.php:277)
Stack trace:
#0 /var/www/Eurotri/yii/framework/web/actions/CInlineAction.php(57): MediaController->actionDeleteFile()
#1 /var/www/Eurotri/yii/framework/web/CController.php(300): CInlineAction->run()
#2 /var/www/Eurotri/yii/framework/web/filters/CFilterChain.php(133): MediaController->runAction()
#3 /var/www/Eurotri/yii/framework/web/filters/CFilter.php(41): CFilterChain->run()
#4 /var/www/Eurotri/yii/framework/web/CController.php(1088): CAccessControlFilter->filter()
#5 /var/www/Eurotri/yii/framework/web/filters/CInlineFilter.php(59): MediaController->filterAccessControl()
#6 /var/www/Eurotri/yii/framework/web/filters/CFilterChain.php(130): CInlineFilter->filter()
#7 /var/www/Eurotri/yii/framework/web/CController.php(283): CFilterChain->run()
#8 /var/www/Eurotri/yii/framework/web/CController.php(257): MediaController->runActionWithFilters()
#9 /var/www/Eurotri/yii/framework/web/CWebApplication.php(328): MediaController->run()
#10 /var/www/Eurotri/yii/framework/web/CWebApplication.php(121): CWebApplication->runController()
#11 /var/www/Eurotri/yii/framework/base/CApplication.php(155): CWebApplication->processRequest()
#12 /var/www/Eurotri/admin.php(13): CWebApplication->run()
REQUEST_URI=/Eurotri/admin.php?r=media/deleteFile
2012/05/21 14:11:04 [error] [php] unlink(/var/www/Eurotri/upload/20110526113132.jpg): No such file or directory (/var/www/Eurotri/protected/admin/controllers/MediaController.php:277)
Stack trace:
#0 /var/www/Eurotri/yii/framework/web/actions/CInlineAction.php(57): MediaController->actionDeleteFile()
#1 /var/www/Eurotri/yii/framework/web/CController.php(300): CInlineAction->run()
#2 /var/www/Eurotri/yii/framework/web/filters/CFilterChain.php(133): MediaController->runAction()
#3 /var/www/Eurotri/yii/framework/web/filters/CFilter.php(41): CFilterChain->run()
#4 /var/www/Eurotri/yii/framework/web/CController.php(1088): CAccessControlFilter->filter()
#5 /var/www/Eurotri/yii/framework/web/filters/CInlineFilter.php(59): MediaController->filterAccessControl()
#6 /var/www/Eurotri/yii/framework/web/filters/CFilterChain.php(130): CInlineFilter->filter()
#7 /var/www/Eurotri/yii/framework/web/CController.php(283): CFilterChain->run()
#8 /var/www/Eurotri/yii/framework/web/CController.php(257): MediaController->runActionWithFilters()
#9 /var/www/Eurotri/yii/framework/web/CWebApplication.php(328): MediaController->run()
#10 /var/www/Eurotri/yii/framework/web/CWebApplication.php(121): CWebApplication->runController()
#11 /var/www/Eurotri/yii/framework/base/CApplication.php(155): CWebApplication->processRequest()
#12 /var/www/Eurotri/admin.php(13): CWebApplication->run()
REQUEST_URI=/Eurotri/admin.php?r=media/deleteFile
2012/05/21 14:11:04 [error] [php] unlink(/var/www/Eurotri/upload/20110526113132.jpg): No such file or directory (/var/www/Eurotri/protected/admin/controllers/MediaController.php:277)
Stack trace:
#0 /var/www/Eurotri/yii/framework/web/actions/CInlineAction.php(57): MediaController->actionDeleteFile()
#1 /var/www/Eurotri/yii/framework/web/CController.php(300): CInlineAction->run()
#2 /var/www/Eurotri/yii/framework/web/filters/CFilterChain.php(133): MediaController->runAction()
#3 /var/www/Eurotri/yii/framework/web/filters/CFilter.php(41): CFilterChain->run()
#4 /var/www/Eurotri/yii/framework/web/CController.php(1088): CAccessControlFilter->filter()
#5 /var/www/Eurotri/yii/framework/web/filters/CInlineFilter.php(59): MediaController->filterAccessControl()
#6 /var/www/Eurotri/yii/framework/web/filters/CFilterChain.php(130): CInlineFilter->filter()
#7 /var/www/Eurotri/yii/framework/web/CController.php(283): CFilterChain->run()
#8 /var/www/Eurotri/yii/framework/web/CController.php(257): MediaController->runActionWithFilters()
#9 /var/www/Eurotri/yii/framework/web/CWebApplication.php(328): MediaController->run()
#10 /var/www/Eurotri/yii/framework/web/CWebApplication.php(121): CWebApplication->runController()
#11 /var/www/Eurotri/yii/framework/base/CApplication.php(155): CWebApplication->processRequest()
#12 /var/www/Eurotri/admin.php(13): CWebApplication->run()
REQUEST_URI=/Eurotri/admin.php?r=media/deleteFile
2012/05/21 14:11:05 [error] [php] unlink(/var/www/Eurotri/upload/20110526113132.jpg): No such file or directory (/var/www/Eurotri/protected/admin/controllers/MediaController.php:277)
Stack trace:
#0 /var/www/Eurotri/yii/framework/web/actions/CInlineAction.php(57): MediaController->actionDeleteFile()
#1 /var/www/Eurotri/yii/framework/web/CController.php(300): CInlineAction->run()
#2 /var/www/Eurotri/yii/framework/web/filters/CFilterChain.php(133): MediaController->runAction()
#3 /var/www/Eurotri/yii/framework/web/filters/CFilter.php(41): CFilterChain->run()
#4 /var/www/Eurotri/yii/framework/web/CController.php(1088): CAccessControlFilter->filter()
#5 /var/www/Eurotri/yii/framework/web/filters/CInlineFilter.php(59): MediaController->filterAccessControl()
#6 /var/www/Eurotri/yii/framework/web/filters/CFilterChain.php(130): CInlineFilter->filter()
#7 /var/www/Eurotri/yii/framework/web/CController.php(283): CFilterChain->run()
#8 /var/www/Eurotri/yii/framework/web/CController.php(257): MediaController->runActionWithFilters()
#9 /var/www/Eurotri/yii/framework/web/CWebApplication.php(328): MediaController->run()
#10 /var/www/Eurotri/yii/framework/web/CWebApplication.php(121): CWebApplication->runController()
#11 /var/www/Eurotri/yii/framework/base/CApplication.php(155): CWebApplication->processRequest()
#12 /var/www/Eurotri/admin.php(13): CWebApplication->run()
REQUEST_URI=/Eurotri/admin.php?r=media/deleteFile
2012/05/21 14:11:05 [error] [php] unlink(/var/www/Eurotri/upload/20110526113132.jpg): No such file or directory (/var/www/Eurotri/protected/admin/controllers/MediaController.php:277)
Stack trace:
#0 /var/www/Eurotri/yii/framework/web/actions/CInlineAction.php(57): MediaController->actionDeleteFile()
#1 /var/www/Eurotri/yii/framework/web/CController.php(300): CInlineAction->run()
#2 /var/www/Eurotri/yii/framework/web/filters/CFilterChain.php(133): MediaController->runAction()
#3 /var/www/Eurotri/yii/framework/web/filters/CFilter.php(41): CFilterChain->run()
#4 /var/www/Eurotri/yii/framework/web/CController.php(1088): CAccessControlFilter->filter()
#5 /var/www/Eurotri/yii/framework/web/filters/CInlineFilter.php(59): MediaController->filterAccessControl()
#6 /var/www/Eurotri/yii/framework/web/filters/CFilterChain.php(130): CInlineFilter->filter()
#7 /var/www/Eurotri/yii/framework/web/CController.php(283): CFilterChain->run()
#8 /var/www/Eurotri/yii/framework/web/CController.php(257): MediaController->runActionWithFilters()
#9 /var/www/Eurotri/yii/framework/web/CWebApplication.php(328): MediaController->run()
#10 /var/www/Eurotri/yii/framework/web/CWebApplication.php(121): CWebApplication->runController()
#11 /var/www/Eurotri/yii/framework/base/CApplication.php(155): CWebApplication->processRequest()
#12 /var/www/Eurotri/admin.php(13): CWebApplication->run()
REQUEST_URI=/Eurotri/admin.php?r=media/deleteFile
2012/05/21 14:11:06 [error] [php] unlink(/var/www/Eurotri/upload/20110526113132.jpg): No such file or directory (/var/www/Eurotri/protected/admin/controllers/MediaController.php:277)
Stack trace:
#0 /var/www/Eurotri/yii/framework/web/actions/CInlineAction.php(57): MediaController->actionDeleteFile()
#1 /var/www/Eurotri/yii/framework/web/CController.php(300): CInlineAction->run()
#2 /var/www/Eurotri/yii/framework/web/filters/CFilterChain.php(133): MediaController->runAction()
#3 /var/www/Eurotri/yii/framework/web/filters/CFilter.php(41): CFilterChain->run()
#4 /var/www/Eurotri/yii/framework/web/CController.php(1088): CAccessControlFilter->filter()
#5 /var/www/Eurotri/yii/framework/web/filters/CInlineFilter.php(59): MediaController->filterAccessControl()
#6 /var/www/Eurotri/yii/framework/web/filters/CFilterChain.php(130): CInlineFilter->filter()
#7 /var/www/Eurotri/yii/framework/web/CController.php(283): CFilterChain->run()
#8 /var/www/Eurotri/yii/framework/web/CController.php(257): MediaController->runActionWithFilters()
#9 /var/www/Eurotri/yii/framework/web/CWebApplication.php(328): MediaController->run()
#10 /var/www/Eurotri/yii/framework/web/CWebApplication.php(121): CWebApplication->runController()
#11 /var/www/Eurotri/yii/framework/base/CApplication.php(155): CWebApplication->processRequest()
#12 /var/www/Eurotri/admin.php(13): CWebApplication->run()
REQUEST_URI=/Eurotri/admin.php?r=media/deleteFile
2012/05/21 14:11:06 [error] [php] unlink(/var/www/Eurotri/upload/20110526113132.jpg): No such file or directory (/var/www/Eurotri/protected/admin/controllers/MediaController.php:277)
Stack trace:
#0 /var/www/Eurotri/yii/framework/web/actions/CInlineAction.php(57): MediaController->actionDeleteFile()
#1 /var/www/Eurotri/yii/framework/web/CController.php(300): CInlineAction->run()
#2 /var/www/Eurotri/yii/framework/web/filters/CFilterChain.php(133): MediaController->runAction()
#3 /var/www/Eurotri/yii/framework/web/filters/CFilter.php(41): CFilterChain->run()
#4 /var/www/Eurotri/yii/framework/web/CController.php(1088): CAccessControlFilter->filter()
#5 /var/www/Eurotri/yii/framework/web/filters/CInlineFilter.php(59): MediaController->filterAccessControl()
#6 /var/www/Eurotri/yii/framework/web/filters/CFilterChain.php(130): CInlineFilter->filter()
#7 /var/www/Eurotri/yii/framework/web/CController.php(283): CFilterChain->run()
#8 /var/www/Eurotri/yii/framework/web/CController.php(257): MediaController->runActionWithFilters()
#9 /var/www/Eurotri/yii/framework/web/CWebApplication.php(328): MediaController->run()
#10 /var/www/Eurotri/yii/framework/web/CWebApplication.php(121): CWebApplication->runController()
#11 /var/www/Eurotri/yii/framework/base/CApplication.php(155): CWebApplication->processRequest()
#12 /var/www/Eurotri/admin.php(13): CWebApplication->run()
REQUEST_URI=/Eurotri/admin.php?r=media/deleteFile
2012/05/21 14:11:06 [error] [php] unlink(/var/www/Eurotri/upload/20110526113132.jpg): No such file or directory (/var/www/Eurotri/protected/admin/controllers/MediaController.php:277)
Stack trace:
#0 /var/www/Eurotri/yii/framework/web/actions/CInlineAction.php(57): MediaController->actionDeleteFile()
#1 /var/www/Eurotri/yii/framework/web/CController.php(300): CInlineAction->run()
#2 /var/www/Eurotri/yii/framework/web/filters/CFilterChain.php(133): MediaController->runAction()
#3 /var/www/Eurotri/yii/framework/web/filters/CFilter.php(41): CFilterChain->run()
#4 /var/www/Eurotri/yii/framework/web/CController.php(1088): CAccessControlFilter->filter()
#5 /var/www/Eurotri/yii/framework/web/filters/CInlineFilter.php(59): MediaController->filterAccessControl()
#6 /var/www/Eurotri/yii/framework/web/filters/CFilterChain.php(130): CInlineFilter->filter()
#7 /var/www/Eurotri/yii/framework/web/CController.php(283): CFilterChain->run()
#8 /var/www/Eurotri/yii/framework/web/CController.php(257): MediaController->runActionWithFilters()
#9 /var/www/Eurotri/yii/framework/web/CWebApplication.php(328): MediaController->run()
#10 /var/www/Eurotri/yii/framework/web/CWebApplication.php(121): CWebApplication->runController()
#11 /var/www/Eurotri/yii/framework/base/CApplication.php(155): CWebApplication->processRequest()
#12 /var/www/Eurotri/admin.php(13): CWebApplication->run()
REQUEST_URI=/Eurotri/admin.php?r=media/deleteFile
2012/05/21 14:11:06 [error] [php] unlink(/var/www/Eurotri/upload/20110526113132.jpg): No such file or directory (/var/www/Eurotri/protected/admin/controllers/MediaController.php:277)
Stack trace:
#0 /var/www/Eurotri/yii/framework/web/actions/CInlineAction.php(57): MediaController->actionDeleteFile()
#1 /var/www/Eurotri/yii/framework/web/CController.php(300): CInlineAction->run()
#2 /var/www/Eurotri/yii/framework/web/filters/CFilterChain.php(133): MediaController->runAction()
#3 /var/www/Eurotri/yii/framework/web/filters/CFilter.php(41): CFilterChain->run()
#4 /var/www/Eurotri/yii/framework/web/CController.php(1088): CAccessControlFilter->filter()
#5 /var/www/Eurotri/yii/framework/web/filters/CInlineFilter.php(59): MediaController->filterAccessControl()
#6 /var/www/Eurotri/yii/framework/web/filters/CFilterChain.php(130): CInlineFilter->filter()
#7 /var/www/Eurotri/yii/framework/web/CController.php(283): CFilterChain->run()
#8 /var/www/Eurotri/yii/framework/web/CController.php(257): MediaController->runActionWithFilters()
#9 /var/www/Eurotri/yii/framework/web/CWebApplication.php(328): MediaController->run()
#10 /var/www/Eurotri/yii/framework/web/CWebApplication.php(121): CWebApplication->runController()
#11 /var/www/Eurotri/yii/framework/base/CApplication.php(155): CWebApplication->processRequest()
#12 /var/www/Eurotri/admin.php(13): CWebApplication->run()
REQUEST_URI=/Eurotri/admin.php?r=media/deleteFile
2012/05/21 14:11:06 [error] [php] unlink(/var/www/Eurotri/upload/20110526113132.jpg): No such file or directory (/var/www/Eurotri/protected/admin/controllers/MediaController.php:277)
Stack trace:
#0 /var/www/Eurotri/yii/framework/web/actions/CInlineAction.php(57): MediaController->actionDeleteFile()
#1 /var/www/Eurotri/yii/framework/web/CController.php(300): CInlineAction->run()
#2 /var/www/Eurotri/yii/framework/web/filters/CFilterChain.php(133): MediaController->runAction()
#3 /var/www/Eurotri/yii/framework/web/filters/CFilter.php(41): CFilterChain->run()
#4 /var/www/Eurotri/yii/framework/web/CController.php(1088): CAccessControlFilter->filter()
#5 /var/www/Eurotri/yii/framework/web/filters/CInlineFilter.php(59): MediaController->filterAccessControl()
#6 /var/www/Eurotri/yii/framework/web/filters/CFilterChain.php(130): CInlineFilter->filter()
#7 /var/www/Eurotri/yii/framework/web/CController.php(283): CFilterChain->run()
#8 /var/www/Eurotri/yii/framework/web/CController.php(257): MediaController->runActionWithFilters()
#9 /var/www/Eurotri/yii/framework/web/CWebApplication.php(328): MediaController->run()
#10 /var/www/Eurotri/yii/framework/web/CWebApplication.php(121): CWebApplication->runController()
#11 /var/www/Eurotri/yii/framework/base/CApplication.php(155): CWebApplication->processRequest()
#12 /var/www/Eurotri/admin.php(13): CWebApplication->run()
REQUEST_URI=/Eurotri/admin.php?r=media/deleteFile
2012/05/21 14:11:06 [error] [php] unlink(/var/www/Eurotri/upload/20110526113132.jpg): No such file or directory (/var/www/Eurotri/protected/admin/controllers/MediaController.php:277)
Stack trace:
#0 /var/www/Eurotri/yii/framework/web/actions/CInlineAction.php(57): MediaController->actionDeleteFile()
#1 /var/www/Eurotri/yii/framework/web/CController.php(300): CInlineAction->run()
#2 /var/www/Eurotri/yii/framework/web/filters/CFilterChain.php(133): MediaController->runAction()
#3 /var/www/Eurotri/yii/framework/web/filters/CFilter.php(41): CFilterChain->run()
#4 /var/www/Eurotri/yii/framework/web/CController.php(1088): CAccessControlFilter->filter()
#5 /var/www/Eurotri/yii/framework/web/filters/CInlineFilter.php(59): MediaController->filterAccessControl()
#6 /var/www/Eurotri/yii/framework/web/filters/CFilterChain.php(130): CInlineFilter->filter()
#7 /var/www/Eurotri/yii/framework/web/CController.php(283): CFilterChain->run()
#8 /var/www/Eurotri/yii/framework/web/CController.php(257): MediaController->runActionWithFilters()
#9 /var/www/Eurotri/yii/framework/web/CWebApplication.php(328): MediaController->run()
#10 /var/www/Eurotri/yii/framework/web/CWebApplication.php(121): CWebApplication->runController()
#11 /var/www/Eurotri/yii/framework/base/CApplication.php(155): CWebApplication->processRequest()
#12 /var/www/Eurotri/admin.php(13): CWebApplication->run()
REQUEST_URI=/Eurotri/admin.php?r=media/deleteFile
2012/05/21 14:11:07 [error] [php] unlink(/var/www/Eurotri/upload/20110526113132.jpg): No such file or directory (/var/www/Eurotri/protected/admin/controllers/MediaController.php:277)
Stack trace:
#0 /var/www/Eurotri/yii/framework/web/actions/CInlineAction.php(57): MediaController->actionDeleteFile()
#1 /var/www/Eurotri/yii/framework/web/CController.php(300): CInlineAction->run()
#2 /var/www/Eurotri/yii/framework/web/filters/CFilterChain.php(133): MediaController->runAction()
#3 /var/www/Eurotri/yii/framework/web/filters/CFilter.php(41): CFilterChain->run()
#4 /var/www/Eurotri/yii/framework/web/CController.php(1088): CAccessControlFilter->filter()
#5 /var/www/Eurotri/yii/framework/web/filters/CInlineFilter.php(59): MediaController->filterAccessControl()
#6 /var/www/Eurotri/yii/framework/web/filters/CFilterChain.php(130): CInlineFilter->filter()
#7 /var/www/Eurotri/yii/framework/web/CController.php(283): CFilterChain->run()
#8 /var/www/Eurotri/yii/framework/web/CController.php(257): MediaController->runActionWithFilters()
#9 /var/www/Eurotri/yii/framework/web/CWebApplication.php(328): MediaController->run()
#10 /var/www/Eurotri/yii/framework/web/CWebApplication.php(121): CWebApplication->runController()
#11 /var/www/Eurotri/yii/framework/base/CApplication.php(155): CWebApplication->processRequest()
#12 /var/www/Eurotri/admin.php(13): CWebApplication->run()
REQUEST_URI=/Eurotri/admin.php?r=media/deleteFile
2012/05/21 14:11:07 [error] [php] unlink(/var/www/Eurotri/upload/20110526113132.jpg): No such file or directory (/var/www/Eurotri/protected/admin/controllers/MediaController.php:277)
Stack trace:
#0 /var/www/Eurotri/yii/framework/web/actions/CInlineAction.php(57): MediaController->actionDeleteFile()
#1 /var/www/Eurotri/yii/framework/web/CController.php(300): CInlineAction->run()
#2 /var/www/Eurotri/yii/framework/web/filters/CFilterChain.php(133): MediaController->runAction()
#3 /var/www/Eurotri/yii/framework/web/filters/CFilter.php(41): CFilterChain->run()
#4 /var/www/Eurotri/yii/framework/web/CController.php(1088): CAccessControlFilter->filter()
#5 /var/www/Eurotri/yii/framework/web/filters/CInlineFilter.php(59): MediaController->filterAccessControl()
#6 /var/www/Eurotri/yii/framework/web/filters/CFilterChain.php(130): CInlineFilter->filter()
#7 /var/www/Eurotri/yii/framework/web/CController.php(283): CFilterChain->run()
#8 /var/www/Eurotri/yii/framework/web/CController.php(257): MediaController->runActionWithFilters()
#9 /var/www/Eurotri/yii/framework/web/CWebApplication.php(328): MediaController->run()
#10 /var/www/Eurotri/yii/framework/web/CWebApplication.php(121): CWebApplication->runController()
#11 /var/www/Eurotri/yii/framework/base/CApplication.php(155): CWebApplication->processRequest()
#12 /var/www/Eurotri/admin.php(13): CWebApplication->run()
REQUEST_URI=/Eurotri/admin.php?r=media/deleteFile
2012/05/21 14:11:08 [error] [php] unlink(/var/www/Eurotri/upload/20110526113132.jpg): No such file or directory (/var/www/Eurotri/protected/admin/controllers/MediaController.php:277)
Stack trace:
#0 /var/www/Eurotri/yii/framework/web/actions/CInlineAction.php(57): MediaController->actionDeleteFile()
#1 /var/www/Eurotri/yii/framework/web/CController.php(300): CInlineAction->run()
#2 /var/www/Eurotri/yii/framework/web/filters/CFilterChain.php(133): MediaController->runAction()
#3 /var/www/Eurotri/yii/framework/web/filters/CFilter.php(41): CFilterChain->run()
#4 /var/www/Eurotri/yii/framework/web/CController.php(1088): CAccessControlFilter->filter()
#5 /var/www/Eurotri/yii/framework/web/filters/CInlineFilter.php(59): MediaController->filterAccessControl()
#6 /var/www/Eurotri/yii/framework/web/filters/CFilterChain.php(130): CInlineFilter->filter()
#7 /var/www/Eurotri/yii/framework/web/CController.php(283): CFilterChain->run()
#8 /var/www/Eurotri/yii/framework/web/CController.php(257): MediaController->runActionWithFilters()
#9 /var/www/Eurotri/yii/framework/web/CWebApplication.php(328): MediaController->run()
#10 /var/www/Eurotri/yii/framework/web/CWebApplication.php(121): CWebApplication->runController()
#11 /var/www/Eurotri/yii/framework/base/CApplication.php(155): CWebApplication->processRequest()
#12 /var/www/Eurotri/admin.php(13): CWebApplication->run()
REQUEST_URI=/Eurotri/admin.php?r=media/deleteFile
2012/05/21 14:11:08 [error] [php] unlink(/var/www/Eurotri/upload/20110526113132.jpg): No such file or directory (/var/www/Eurotri/protected/admin/controllers/MediaController.php:277)
Stack trace:
#0 /var/www/Eurotri/yii/framework/web/actions/CInlineAction.php(57): MediaController->actionDeleteFile()
#1 /var/www/Eurotri/yii/framework/web/CController.php(300): CInlineAction->run()
#2 /var/www/Eurotri/yii/framework/web/filters/CFilterChain.php(133): MediaController->runAction()
#3 /var/www/Eurotri/yii/framework/web/filters/CFilter.php(41): CFilterChain->run()
#4 /var/www/Eurotri/yii/framework/web/CController.php(1088): CAccessControlFilter->filter()
#5 /var/www/Eurotri/yii/framework/web/filters/CInlineFilter.php(59): MediaController->filterAccessControl()
#6 /var/www/Eurotri/yii/framework/web/filters/CFilterChain.php(130): CInlineFilter->filter()
#7 /var/www/Eurotri/yii/framework/web/CController.php(283): CFilterChain->run()
#8 /var/www/Eurotri/yii/framework/web/CController.php(257): MediaController->runActionWithFilters()
#9 /var/www/Eurotri/yii/framework/web/CWebApplication.php(328): MediaController->run()
#10 /var/www/Eurotri/yii/framework/web/CWebApplication.php(121): CWebApplication->runController()
#11 /var/www/Eurotri/yii/framework/base/CApplication.php(155): CWebApplication->processRequest()
#12 /var/www/Eurotri/admin.php(13): CWebApplication->run()
REQUEST_URI=/Eurotri/admin.php?r=media/deleteFile
2012/05/21 14:11:14 [error] [php] unlink(/var/www/Eurotri/upload/20110526043038.png): No such file or directory (/var/www/Eurotri/protected/admin/controllers/MediaController.php:277)
Stack trace:
#0 /var/www/Eurotri/yii/framework/web/actions/CInlineAction.php(57): MediaController->actionDeleteFile()
#1 /var/www/Eurotri/yii/framework/web/CController.php(300): CInlineAction->run()
#2 /var/www/Eurotri/yii/framework/web/filters/CFilterChain.php(133): MediaController->runAction()
#3 /var/www/Eurotri/yii/framework/web/filters/CFilter.php(41): CFilterChain->run()
#4 /var/www/Eurotri/yii/framework/web/CController.php(1088): CAccessControlFilter->filter()
#5 /var/www/Eurotri/yii/framework/web/filters/CInlineFilter.php(59): MediaController->filterAccessControl()
#6 /var/www/Eurotri/yii/framework/web/filters/CFilterChain.php(130): CInlineFilter->filter()
#7 /var/www/Eurotri/yii/framework/web/CController.php(283): CFilterChain->run()
#8 /var/www/Eurotri/yii/framework/web/CController.php(257): MediaController->runActionWithFilters()
#9 /var/www/Eurotri/yii/framework/web/CWebApplication.php(328): MediaController->run()
#10 /var/www/Eurotri/yii/framework/web/CWebApplication.php(121): CWebApplication->runController()
#11 /var/www/Eurotri/yii/framework/base/CApplication.php(155): CWebApplication->processRequest()
#12 /var/www/Eurotri/admin.php(13): CWebApplication->run()
REQUEST_URI=/Eurotri/admin.php?r=media/deleteFile
2012/05/21 14:11:14 [error] [php] unlink(/var/www/Eurotri/upload/20110526043038.png): No such file or directory (/var/www/Eurotri/protected/admin/controllers/MediaController.php:277)
Stack trace:
#0 /var/www/Eurotri/yii/framework/web/actions/CInlineAction.php(57): MediaController->actionDeleteFile()
#1 /var/www/Eurotri/yii/framework/web/CController.php(300): CInlineAction->run()
#2 /var/www/Eurotri/yii/framework/web/filters/CFilterChain.php(133): MediaController->runAction()
#3 /var/www/Eurotri/yii/framework/web/filters/CFilter.php(41): CFilterChain->run()
#4 /var/www/Eurotri/yii/framework/web/CController.php(1088): CAccessControlFilter->filter()
#5 /var/www/Eurotri/yii/framework/web/filters/CInlineFilter.php(59): MediaController->filterAccessControl()
#6 /var/www/Eurotri/yii/framework/web/filters/CFilterChain.php(130): CInlineFilter->filter()
#7 /var/www/Eurotri/yii/framework/web/CController.php(283): CFilterChain->run()
#8 /var/www/Eurotri/yii/framework/web/CController.php(257): MediaController->runActionWithFilters()
#9 /var/www/Eurotri/yii/framework/web/CWebApplication.php(328): MediaController->run()
#10 /var/www/Eurotri/yii/framework/web/CWebApplication.php(121): CWebApplication->runController()
#11 /var/www/Eurotri/yii/framework/base/CApplication.php(155): CWebApplication->processRequest()
#12 /var/www/Eurotri/admin.php(13): CWebApplication->run()
REQUEST_URI=/Eurotri/admin.php?r=media/deleteFile
2012/05/21 14:11:15 [error] [php] unlink(/var/www/Eurotri/upload/20110526043038.png): No such file or directory (/var/www/Eurotri/protected/admin/controllers/MediaController.php:277)
Stack trace:
#0 /var/www/Eurotri/yii/framework/web/actions/CInlineAction.php(57): MediaController->actionDeleteFile()
#1 /var/www/Eurotri/yii/framework/web/CController.php(300): CInlineAction->run()
#2 /var/www/Eurotri/yii/framework/web/filters/CFilterChain.php(133): MediaController->runAction()
#3 /var/www/Eurotri/yii/framework/web/filters/CFilter.php(41): CFilterChain->run()
#4 /var/www/Eurotri/yii/framework/web/CController.php(1088): CAccessControlFilter->filter()
#5 /var/www/Eurotri/yii/framework/web/filters/CInlineFilter.php(59): MediaController->filterAccessControl()
#6 /var/www/Eurotri/yii/framework/web/filters/CFilterChain.php(130): CInlineFilter->filter()
#7 /var/www/Eurotri/yii/framework/web/CController.php(283): CFilterChain->run()
#8 /var/www/Eurotri/yii/framework/web/CController.php(257): MediaController->runActionWithFilters()
#9 /var/www/Eurotri/yii/framework/web/CWebApplication.php(328): MediaController->run()
#10 /var/www/Eurotri/yii/framework/web/CWebApplication.php(121): CWebApplication->runController()
#11 /var/www/Eurotri/yii/framework/base/CApplication.php(155): CWebApplication->processRequest()
#12 /var/www/Eurotri/admin.php(13): CWebApplication->run()
REQUEST_URI=/Eurotri/admin.php?r=media/deleteFile
2012/05/21 14:11:15 [error] [php] unlink(/var/www/Eurotri/upload/20110526043038.png): No such file or directory (/var/www/Eurotri/protected/admin/controllers/MediaController.php:277)
Stack trace:
#0 /var/www/Eurotri/yii/framework/web/actions/CInlineAction.php(57): MediaController->actionDeleteFile()
#1 /var/www/Eurotri/yii/framework/web/CController.php(300): CInlineAction->run()
#2 /var/www/Eurotri/yii/framework/web/filters/CFilterChain.php(133): MediaController->runAction()
#3 /var/www/Eurotri/yii/framework/web/filters/CFilter.php(41): CFilterChain->run()
#4 /var/www/Eurotri/yii/framework/web/CController.php(1088): CAccessControlFilter->filter()
#5 /var/www/Eurotri/yii/framework/web/filters/CInlineFilter.php(59): MediaController->filterAccessControl()
#6 /var/www/Eurotri/yii/framework/web/filters/CFilterChain.php(130): CInlineFilter->filter()
#7 /var/www/Eurotri/yii/framework/web/CController.php(283): CFilterChain->run()
#8 /var/www/Eurotri/yii/framework/web/CController.php(257): MediaController->runActionWithFilters()
#9 /var/www/Eurotri/yii/framework/web/CWebApplication.php(328): MediaController->run()
#10 /var/www/Eurotri/yii/framework/web/CWebApplication.php(121): CWebApplication->runController()
#11 /var/www/Eurotri/yii/framework/base/CApplication.php(155): CWebApplication->processRequest()
#12 /var/www/Eurotri/admin.php(13): CWebApplication->run()
REQUEST_URI=/Eurotri/admin.php?r=media/deleteFile
2012/05/21 14:11:15 [error] [php] unlink(/var/www/Eurotri/upload/20110526043038.png): No such file or directory (/var/www/Eurotri/protected/admin/controllers/MediaController.php:277)
Stack trace:
#0 /var/www/Eurotri/yii/framework/web/actions/CInlineAction.php(57): MediaController->actionDeleteFile()
#1 /var/www/Eurotri/yii/framework/web/CController.php(300): CInlineAction->run()
#2 /var/www/Eurotri/yii/framework/web/filters/CFilterChain.php(133): MediaController->runAction()
#3 /var/www/Eurotri/yii/framework/web/filters/CFilter.php(41): CFilterChain->run()
#4 /var/www/Eurotri/yii/framework/web/CController.php(1088): CAccessControlFilter->filter()
#5 /var/www/Eurotri/yii/framework/web/filters/CInlineFilter.php(59): MediaController->filterAccessControl()
#6 /var/www/Eurotri/yii/framework/web/filters/CFilterChain.php(130): CInlineFilter->filter()
#7 /var/www/Eurotri/yii/framework/web/CController.php(283): CFilterChain->run()
#8 /var/www/Eurotri/yii/framework/web/CController.php(257): MediaController->runActionWithFilters()
#9 /var/www/Eurotri/yii/framework/web/CWebApplication.php(328): MediaController->run()
#10 /var/www/Eurotri/yii/framework/web/CWebApplication.php(121): CWebApplication->runController()
#11 /var/www/Eurotri/yii/framework/base/CApplication.php(155): CWebApplication->processRequest()
#12 /var/www/Eurotri/admin.php(13): CWebApplication->run()
REQUEST_URI=/Eurotri/admin.php?r=media/deleteFile
2012/05/21 14:11:15 [error] [php] unlink(/var/www/Eurotri/upload/20110526043038.png): No such file or directory (/var/www/Eurotri/protected/admin/controllers/MediaController.php:277)
Stack trace:
#0 /var/www/Eurotri/yii/framework/web/actions/CInlineAction.php(57): MediaController->actionDeleteFile()
#1 /var/www/Eurotri/yii/framework/web/CController.php(300): CInlineAction->run()
#2 /var/www/Eurotri/yii/framework/web/filters/CFilterChain.php(133): MediaController->runAction()
#3 /var/www/Eurotri/yii/framework/web/filters/CFilter.php(41): CFilterChain->run()
#4 /var/www/Eurotri/yii/framework/web/CController.php(1088): CAccessControlFilter->filter()
#5 /var/www/Eurotri/yii/framework/web/filters/CInlineFilter.php(59): MediaController->filterAccessControl()
#6 /var/www/Eurotri/yii/framework/web/filters/CFilterChain.php(130): CInlineFilter->filter()
#7 /var/www/Eurotri/yii/framework/web/CController.php(283): CFilterChain->run()
#8 /var/www/Eurotri/yii/framework/web/CController.php(257): MediaController->runActionWithFilters()
#9 /var/www/Eurotri/yii/framework/web/CWebApplication.php(328): MediaController->run()
#10 /var/www/Eurotri/yii/framework/web/CWebApplication.php(121): CWebApplication->runController()
#11 /var/www/Eurotri/yii/framework/base/CApplication.php(155): CWebApplication->processRequest()
#12 /var/www/Eurotri/admin.php(13): CWebApplication->run()
REQUEST_URI=/Eurotri/admin.php?r=media/deleteFile
2012/05/21 14:11:15 [error] [php] unlink(/var/www/Eurotri/upload/20110526043038.png): No such file or directory (/var/www/Eurotri/protected/admin/controllers/MediaController.php:277)
Stack trace:
#0 /var/www/Eurotri/yii/framework/web/actions/CInlineAction.php(57): MediaController->actionDeleteFile()
#1 /var/www/Eurotri/yii/framework/web/CController.php(300): CInlineAction->run()
#2 /var/www/Eurotri/yii/framework/web/filters/CFilterChain.php(133): MediaController->runAction()
#3 /var/www/Eurotri/yii/framework/web/filters/CFilter.php(41): CFilterChain->run()
#4 /var/www/Eurotri/yii/framework/web/CController.php(1088): CAccessControlFilter->filter()
#5 /var/www/Eurotri/yii/framework/web/filters/CInlineFilter.php(59): MediaController->filterAccessControl()
#6 /var/www/Eurotri/yii/framework/web/filters/CFilterChain.php(130): CInlineFilter->filter()
#7 /var/www/Eurotri/yii/framework/web/CController.php(283): CFilterChain->run()
#8 /var/www/Eurotri/yii/framework/web/CController.php(257): MediaController->runActionWithFilters()
#9 /var/www/Eurotri/yii/framework/web/CWebApplication.php(328): MediaController->run()
#10 /var/www/Eurotri/yii/framework/web/CWebApplication.php(121): CWebApplication->runController()
#11 /var/www/Eurotri/yii/framework/base/CApplication.php(155): CWebApplication->processRequest()
#12 /var/www/Eurotri/admin.php(13): CWebApplication->run()
REQUEST_URI=/Eurotri/admin.php?r=media/deleteFile
2012/05/21 14:11:15 [error] [php] unlink(/var/www/Eurotri/upload/20110526043038.png): No such file or directory (/var/www/Eurotri/protected/admin/controllers/MediaController.php:277)
Stack trace:
#0 /var/www/Eurotri/yii/framework/web/actions/CInlineAction.php(57): MediaController->actionDeleteFile()
#1 /var/www/Eurotri/yii/framework/web/CController.php(300): CInlineAction->run()
#2 /var/www/Eurotri/yii/framework/web/filters/CFilterChain.php(133): MediaController->runAction()
#3 /var/www/Eurotri/yii/framework/web/filters/CFilter.php(41): CFilterChain->run()
#4 /var/www/Eurotri/yii/framework/web/CController.php(1088): CAccessControlFilter->filter()
#5 /var/www/Eurotri/yii/framework/web/filters/CInlineFilter.php(59): MediaController->filterAccessControl()
#6 /var/www/Eurotri/yii/framework/web/filters/CFilterChain.php(130): CInlineFilter->filter()
#7 /var/www/Eurotri/yii/framework/web/CController.php(283): CFilterChain->run()
#8 /var/www/Eurotri/yii/framework/web/CController.php(257): MediaController->runActionWithFilters()
#9 /var/www/Eurotri/yii/framework/web/CWebApplication.php(328): MediaController->run()
#10 /var/www/Eurotri/yii/framework/web/CWebApplication.php(121): CWebApplication->runController()
#11 /var/www/Eurotri/yii/framework/base/CApplication.php(155): CWebApplication->processRequest()
#12 /var/www/Eurotri/admin.php(13): CWebApplication->run()
REQUEST_URI=/Eurotri/admin.php?r=media/deleteFile
2012/05/21 14:11:15 [error] [php] unlink(/var/www/Eurotri/upload/20110526043038.png): No such file or directory (/var/www/Eurotri/protected/admin/controllers/MediaController.php:277)
Stack trace:
#0 /var/www/Eurotri/yii/framework/web/actions/CInlineAction.php(57): MediaController->actionDeleteFile()
#1 /var/www/Eurotri/yii/framework/web/CController.php(300): CInlineAction->run()
#2 /var/www/Eurotri/yii/framework/web/filters/CFilterChain.php(133): MediaController->runAction()
#3 /var/www/Eurotri/yii/framework/web/filters/CFilter.php(41): CFilterChain->run()
#4 /var/www/Eurotri/yii/framework/web/CController.php(1088): CAccessControlFilter->filter()
#5 /var/www/Eurotri/yii/framework/web/filters/CInlineFilter.php(59): MediaController->filterAccessControl()
#6 /var/www/Eurotri/yii/framework/web/filters/CFilterChain.php(130): CInlineFilter->filter()
#7 /var/www/Eurotri/yii/framework/web/CController.php(283): CFilterChain->run()
#8 /var/www/Eurotri/yii/framework/web/CController.php(257): MediaController->runActionWithFilters()
#9 /var/www/Eurotri/yii/framework/web/CWebApplication.php(328): MediaController->run()
#10 /var/www/Eurotri/yii/framework/web/CWebApplication.php(121): CWebApplication->runController()
#11 /var/www/Eurotri/yii/framework/base/CApplication.php(155): CWebApplication->processRequest()
#12 /var/www/Eurotri/admin.php(13): CWebApplication->run()
REQUEST_URI=/Eurotri/admin.php?r=media/deleteFile
2012/05/21 14:11:15 [error] [php] unlink(/var/www/Eurotri/upload/20110526043038.png): No such file or directory (/var/www/Eurotri/protected/admin/controllers/MediaController.php:277)
Stack trace:
#0 /var/www/Eurotri/yii/framework/web/actions/CInlineAction.php(57): MediaController->actionDeleteFile()
#1 /var/www/Eurotri/yii/framework/web/CController.php(300): CInlineAction->run()
#2 /var/www/Eurotri/yii/framework/web/filters/CFilterChain.php(133): MediaController->runAction()
#3 /var/www/Eurotri/yii/framework/web/filters/CFilter.php(41): CFilterChain->run()
#4 /var/www/Eurotri/yii/framework/web/CController.php(1088): CAccessControlFilter->filter()
#5 /var/www/Eurotri/yii/framework/web/filters/CInlineFilter.php(59): MediaController->filterAccessControl()
#6 /var/www/Eurotri/yii/framework/web/filters/CFilterChain.php(130): CInlineFilter->filter()
#7 /var/www/Eurotri/yii/framework/web/CController.php(283): CFilterChain->run()
#8 /var/www/Eurotri/yii/framework/web/CController.php(257): MediaController->runActionWithFilters()
#9 /var/www/Eurotri/yii/framework/web/CWebApplication.php(328): MediaController->run()
#10 /var/www/Eurotri/yii/framework/web/CWebApplication.php(121): CWebApplication->runController()
#11 /var/www/Eurotri/yii/framework/base/CApplication.php(155): CWebApplication->processRequest()
#12 /var/www/Eurotri/admin.php(13): CWebApplication->run()
REQUEST_URI=/Eurotri/admin.php?r=media/deleteFile
2012/05/21 14:11:15 [error] [php] unlink(/var/www/Eurotri/upload/20110526043038.png): No such file or directory (/var/www/Eurotri/protected/admin/controllers/MediaController.php:277)
Stack trace:
#0 /var/www/Eurotri/yii/framework/web/actions/CInlineAction.php(57): MediaController->actionDeleteFile()
#1 /var/www/Eurotri/yii/framework/web/CController.php(300): CInlineAction->run()
#2 /var/www/Eurotri/yii/framework/web/filters/CFilterChain.php(133): MediaController->runAction()
#3 /var/www/Eurotri/yii/framework/web/filters/CFilter.php(41): CFilterChain->run()
#4 /var/www/Eurotri/yii/framework/web/CController.php(1088): CAccessControlFilter->filter()
#5 /var/www/Eurotri/yii/framework/web/filters/CInlineFilter.php(59): MediaController->filterAccessControl()
#6 /var/www/Eurotri/yii/framework/web/filters/CFilterChain.php(130): CInlineFilter->filter()
#7 /var/www/Eurotri/yii/framework/web/CController.php(283): CFilterChain->run()
#8 /var/www/Eurotri/yii/framework/web/CController.php(257): MediaController->runActionWithFilters()
#9 /var/www/Eurotri/yii/framework/web/CWebApplication.php(328): MediaController->run()
#10 /var/www/Eurotri/yii/framework/web/CWebApplication.php(121): CWebApplication->runController()
#11 /var/www/Eurotri/yii/framework/base/CApplication.php(155): CWebApplication->processRequest()
#12 /var/www/Eurotri/admin.php(13): CWebApplication->run()
REQUEST_URI=/Eurotri/admin.php?r=media/deleteFile
2012/05/21 14:11:15 [error] [php] unlink(/var/www/Eurotri/upload/20110526043038.png): No such file or directory (/var/www/Eurotri/protected/admin/controllers/MediaController.php:277)
Stack trace:
#0 /var/www/Eurotri/yii/framework/web/actions/CInlineAction.php(57): MediaController->actionDeleteFile()
#1 /var/www/Eurotri/yii/framework/web/CController.php(300): CInlineAction->run()
#2 /var/www/Eurotri/yii/framework/web/filters/CFilterChain.php(133): MediaController->runAction()
#3 /var/www/Eurotri/yii/framework/web/filters/CFilter.php(41): CFilterChain->run()
#4 /var/www/Eurotri/yii/framework/web/CController.php(1088): CAccessControlFilter->filter()
#5 /var/www/Eurotri/yii/framework/web/filters/CInlineFilter.php(59): MediaController->filterAccessControl()
#6 /var/www/Eurotri/yii/framework/web/filters/CFilterChain.php(130): CInlineFilter->filter()
#7 /var/www/Eurotri/yii/framework/web/CController.php(283): CFilterChain->run()
#8 /var/www/Eurotri/yii/framework/web/CController.php(257): MediaController->runActionWithFilters()
#9 /var/www/Eurotri/yii/framework/web/CWebApplication.php(328): MediaController->run()
#10 /var/www/Eurotri/yii/framework/web/CWebApplication.php(121): CWebApplication->runController()
#11 /var/www/Eurotri/yii/framework/base/CApplication.php(155): CWebApplication->processRequest()
#12 /var/www/Eurotri/admin.php(13): CWebApplication->run()
REQUEST_URI=/Eurotri/admin.php?r=media/deleteFile
2012/05/21 14:11:16 [error] [php] unlink(/var/www/Eurotri/upload/20110526043038.png): No such file or directory (/var/www/Eurotri/protected/admin/controllers/MediaController.php:277)
Stack trace:
#0 /var/www/Eurotri/yii/framework/web/actions/CInlineAction.php(57): MediaController->actionDeleteFile()
#1 /var/www/Eurotri/yii/framework/web/CController.php(300): CInlineAction->run()
#2 /var/www/Eurotri/yii/framework/web/filters/CFilterChain.php(133): MediaController->runAction()
#3 /var/www/Eurotri/yii/framework/web/filters/CFilter.php(41): CFilterChain->run()
#4 /var/www/Eurotri/yii/framework/web/CController.php(1088): CAccessControlFilter->filter()
#5 /var/www/Eurotri/yii/framework/web/filters/CInlineFilter.php(59): MediaController->filterAccessControl()
#6 /var/www/Eurotri/yii/framework/web/filters/CFilterChain.php(130): CInlineFilter->filter()
#7 /var/www/Eurotri/yii/framework/web/CController.php(283): CFilterChain->run()
#8 /var/www/Eurotri/yii/framework/web/CController.php(257): MediaController->runActionWithFilters()
#9 /var/www/Eurotri/yii/framework/web/CWebApplication.php(328): MediaController->run()
#10 /var/www/Eurotri/yii/framework/web/CWebApplication.php(121): CWebApplication->runController()
#11 /var/www/Eurotri/yii/framework/base/CApplication.php(155): CWebApplication->processRequest()
#12 /var/www/Eurotri/admin.php(13): CWebApplication->run()
REQUEST_URI=/Eurotri/admin.php?r=media/deleteFile
2012/05/21 14:11:16 [error] [php] unlink(/var/www/Eurotri/upload/20110526043038.png): No such file or directory (/var/www/Eurotri/protected/admin/controllers/MediaController.php:277)
Stack trace:
#0 /var/www/Eurotri/yii/framework/web/actions/CInlineAction.php(57): MediaController->actionDeleteFile()
#1 /var/www/Eurotri/yii/framework/web/CController.php(300): CInlineAction->run()
#2 /var/www/Eurotri/yii/framework/web/filters/CFilterChain.php(133): MediaController->runAction()
#3 /var/www/Eurotri/yii/framework/web/filters/CFilter.php(41): CFilterChain->run()
#4 /var/www/Eurotri/yii/framework/web/CController.php(1088): CAccessControlFilter->filter()
#5 /var/www/Eurotri/yii/framework/web/filters/CInlineFilter.php(59): MediaController->filterAccessControl()
#6 /var/www/Eurotri/yii/framework/web/filters/CFilterChain.php(130): CInlineFilter->filter()
#7 /var/www/Eurotri/yii/framework/web/CController.php(283): CFilterChain->run()
#8 /var/www/Eurotri/yii/framework/web/CController.php(257): MediaController->runActionWithFilters()
#9 /var/www/Eurotri/yii/framework/web/CWebApplication.php(328): MediaController->run()
#10 /var/www/Eurotri/yii/framework/web/CWebApplication.php(121): CWebApplication->runController()
#11 /var/www/Eurotri/yii/framework/base/CApplication.php(155): CWebApplication->processRequest()
#12 /var/www/Eurotri/admin.php(13): CWebApplication->run()
REQUEST_URI=/Eurotri/admin.php?r=media/deleteFile
2012/05/21 14:11:16 [error] [php] unlink(/var/www/Eurotri/upload/20110526043038.png): No such file or directory (/var/www/Eurotri/protected/admin/controllers/MediaController.php:277)
Stack trace:
#0 /var/www/Eurotri/yii/framework/web/actions/CInlineAction.php(57): MediaController->actionDeleteFile()
#1 /var/www/Eurotri/yii/framework/web/CController.php(300): CInlineAction->run()
#2 /var/www/Eurotri/yii/framework/web/filters/CFilterChain.php(133): MediaController->runAction()
#3 /var/www/Eurotri/yii/framework/web/filters/CFilter.php(41): CFilterChain->run()
#4 /var/www/Eurotri/yii/framework/web/CController.php(1088): CAccessControlFilter->filter()
#5 /var/www/Eurotri/yii/framework/web/filters/CInlineFilter.php(59): MediaController->filterAccessControl()
#6 /var/www/Eurotri/yii/framework/web/filters/CFilterChain.php(130): CInlineFilter->filter()
#7 /var/www/Eurotri/yii/framework/web/CController.php(283): CFilterChain->run()
#8 /var/www/Eurotri/yii/framework/web/CController.php(257): MediaController->runActionWithFilters()
#9 /var/www/Eurotri/yii/framework/web/CWebApplication.php(328): MediaController->run()
#10 /var/www/Eurotri/yii/framework/web/CWebApplication.php(121): CWebApplication->runController()
#11 /var/www/Eurotri/yii/framework/base/CApplication.php(155): CWebApplication->processRequest()
#12 /var/www/Eurotri/admin.php(13): CWebApplication->run()
REQUEST_URI=/Eurotri/admin.php?r=media/deleteFile
2012/05/21 14:11:16 [error] [php] unlink(/var/www/Eurotri/upload/20110526043038.png): No such file or directory (/var/www/Eurotri/protected/admin/controllers/MediaController.php:277)
Stack trace:
#0 /var/www/Eurotri/yii/framework/web/actions/CInlineAction.php(57): MediaController->actionDeleteFile()
#1 /var/www/Eurotri/yii/framework/web/CController.php(300): CInlineAction->run()
#2 /var/www/Eurotri/yii/framework/web/filters/CFilterChain.php(133): MediaController->runAction()
#3 /var/www/Eurotri/yii/framework/web/filters/CFilter.php(41): CFilterChain->run()
#4 /var/www/Eurotri/yii/framework/web/CController.php(1088): CAccessControlFilter->filter()
#5 /var/www/Eurotri/yii/framework/web/filters/CInlineFilter.php(59): MediaController->filterAccessControl()
#6 /var/www/Eurotri/yii/framework/web/filters/CFilterChain.php(130): CInlineFilter->filter()
#7 /var/www/Eurotri/yii/framework/web/CController.php(283): CFilterChain->run()
#8 /var/www/Eurotri/yii/framework/web/CController.php(257): MediaController->runActionWithFilters()
#9 /var/www/Eurotri/yii/framework/web/CWebApplication.php(328): MediaController->run()
#10 /var/www/Eurotri/yii/framework/web/CWebApplication.php(121): CWebApplication->runController()
#11 /var/www/Eurotri/yii/framework/base/CApplication.php(155): CWebApplication->processRequest()
#12 /var/www/Eurotri/admin.php(13): CWebApplication->run()
REQUEST_URI=/Eurotri/admin.php?r=media/deleteFile
2012/05/21 14:11:16 [error] [php] unlink(/var/www/Eurotri/upload/20110526043038.png): No such file or directory (/var/www/Eurotri/protected/admin/controllers/MediaController.php:277)
Stack trace:
#0 /var/www/Eurotri/yii/framework/web/actions/CInlineAction.php(57): MediaController->actionDeleteFile()
#1 /var/www/Eurotri/yii/framework/web/CController.php(300): CInlineAction->run()
#2 /var/www/Eurotri/yii/framework/web/filters/CFilterChain.php(133): MediaController->runAction()
#3 /var/www/Eurotri/yii/framework/web/filters/CFilter.php(41): CFilterChain->run()
#4 /var/www/Eurotri/yii/framework/web/CController.php(1088): CAccessControlFilter->filter()
#5 /var/www/Eurotri/yii/framework/web/filters/CInlineFilter.php(59): MediaController->filterAccessControl()
#6 /var/www/Eurotri/yii/framework/web/filters/CFilterChain.php(130): CInlineFilter->filter()
#7 /var/www/Eurotri/yii/framework/web/CController.php(283): CFilterChain->run()
#8 /var/www/Eurotri/yii/framework/web/CController.php(257): MediaController->runActionWithFilters()
#9 /var/www/Eurotri/yii/framework/web/CWebApplication.php(328): MediaController->run()
#10 /var/www/Eurotri/yii/framework/web/CWebApplication.php(121): CWebApplication->runController()
#11 /var/www/Eurotri/yii/framework/base/CApplication.php(155): CWebApplication->processRequest()
#12 /var/www/Eurotri/admin.php(13): CWebApplication->run()
REQUEST_URI=/Eurotri/admin.php?r=media/deleteFile
2012/05/21 14:11:16 [error] [php] unlink(/var/www/Eurotri/upload/20110526043038.png): No such file or directory (/var/www/Eurotri/protected/admin/controllers/MediaController.php:277)
Stack trace:
#0 /var/www/Eurotri/yii/framework/web/actions/CInlineAction.php(57): MediaController->actionDeleteFile()
#1 /var/www/Eurotri/yii/framework/web/CController.php(300): CInlineAction->run()
#2 /var/www/Eurotri/yii/framework/web/filters/CFilterChain.php(133): MediaController->runAction()
#3 /var/www/Eurotri/yii/framework/web/filters/CFilter.php(41): CFilterChain->run()
#4 /var/www/Eurotri/yii/framework/web/CController.php(1088): CAccessControlFilter->filter()
#5 /var/www/Eurotri/yii/framework/web/filters/CInlineFilter.php(59): MediaController->filterAccessControl()
#6 /var/www/Eurotri/yii/framework/web/filters/CFilterChain.php(130): CInlineFilter->filter()
#7 /var/www/Eurotri/yii/framework/web/CController.php(283): CFilterChain->run()
#8 /var/www/Eurotri/yii/framework/web/CController.php(257): MediaController->runActionWithFilters()
#9 /var/www/Eurotri/yii/framework/web/CWebApplication.php(328): MediaController->run()
#10 /var/www/Eurotri/yii/framework/web/CWebApplication.php(121): CWebApplication->runController()
#11 /var/www/Eurotri/yii/framework/base/CApplication.php(155): CWebApplication->processRequest()
#12 /var/www/Eurotri/admin.php(13): CWebApplication->run()
REQUEST_URI=/Eurotri/admin.php?r=media/deleteFile
2012/05/21 14:11:16 [error] [php] unlink(/var/www/Eurotri/upload/20110526043038.png): No such file or directory (/var/www/Eurotri/protected/admin/controllers/MediaController.php:277)
Stack trace:
#0 /var/www/Eurotri/yii/framework/web/actions/CInlineAction.php(57): MediaController->actionDeleteFile()
#1 /var/www/Eurotri/yii/framework/web/CController.php(300): CInlineAction->run()
#2 /var/www/Eurotri/yii/framework/web/filters/CFilterChain.php(133): MediaController->runAction()
#3 /var/www/Eurotri/yii/framework/web/filters/CFilter.php(41): CFilterChain->run()
#4 /var/www/Eurotri/yii/framework/web/CController.php(1088): CAccessControlFilter->filter()
#5 /var/www/Eurotri/yii/framework/web/filters/CInlineFilter.php(59): MediaController->filterAccessControl()
#6 /var/www/Eurotri/yii/framework/web/filters/CFilterChain.php(130): CInlineFilter->filter()
#7 /var/www/Eurotri/yii/framework/web/CController.php(283): CFilterChain->run()
#8 /var/www/Eurotri/yii/framework/web/CController.php(257): MediaController->runActionWithFilters()
#9 /var/www/Eurotri/yii/framework/web/CWebApplication.php(328): MediaController->run()
#10 /var/www/Eurotri/yii/framework/web/CWebApplication.php(121): CWebApplication->runController()
#11 /var/www/Eurotri/yii/framework/base/CApplication.php(155): CWebApplication->processRequest()
#12 /var/www/Eurotri/admin.php(13): CWebApplication->run()
REQUEST_URI=/Eurotri/admin.php?r=media/deleteFile
2012/05/21 14:11:16 [error] [php] unlink(/var/www/Eurotri/upload/20110526043038.png): No such file or directory (/var/www/Eurotri/protected/admin/controllers/MediaController.php:277)
Stack trace:
#0 /var/www/Eurotri/yii/framework/web/actions/CInlineAction.php(57): MediaController->actionDeleteFile()
#1 /var/www/Eurotri/yii/framework/web/CController.php(300): CInlineAction->run()
#2 /var/www/Eurotri/yii/framework/web/filters/CFilterChain.php(133): MediaController->runAction()
#3 /var/www/Eurotri/yii/framework/web/filters/CFilter.php(41): CFilterChain->run()
#4 /var/www/Eurotri/yii/framework/web/CController.php(1088): CAccessControlFilter->filter()
#5 /var/www/Eurotri/yii/framework/web/filters/CInlineFilter.php(59): MediaController->filterAccessControl()
#6 /var/www/Eurotri/yii/framework/web/filters/CFilterChain.php(130): CInlineFilter->filter()
#7 /var/www/Eurotri/yii/framework/web/CController.php(283): CFilterChain->run()
#8 /var/www/Eurotri/yii/framework/web/CController.php(257): MediaController->runActionWithFilters()
#9 /var/www/Eurotri/yii/framework/web/CWebApplication.php(328): MediaController->run()
#10 /var/www/Eurotri/yii/framework/web/CWebApplication.php(121): CWebApplication->runController()
#11 /var/www/Eurotri/yii/framework/base/CApplication.php(155): CWebApplication->processRequest()
#12 /var/www/Eurotri/admin.php(13): CWebApplication->run()
REQUEST_URI=/Eurotri/admin.php?r=media/deleteFile
